<?xml version="1.0" encoding="UTF-8"?>
<testsuite xmlns:xsi="http://www.w3.org/2001/XMLSchema-instance" xsi:noNamespaceSchemaLocation="https://maven.apache.org/surefire/maven-surefire-plugin/xsd/surefire-test-report-3.0.xsd" version="3.0" name="CucumberRunner.TestRunner" time="20.493" tests="2" errors="0" skipped="0" failures="1">
  <properties>
[...]
</properties>
  <testcase name="runScenario[&quot;Successfully login with valid credentails&quot;, &quot;login&quot;](1)" classname="CucumberRunner.TestRunner" time="6.419">
    <system-out><![CDATA[[DEBUG] Resolution chrome=111 in cache (valid until 22:29:30 01/04/2023 IST)
[DEBUG] Resolution chrome111=111.0.5563.64 in cache (valid until 23:22:12 01/04/2023 IST)
[INFO] Using chromedriver 111.0.5563.64 (resolved driver for Chrome 111)
[DEBUG] Driver chromedriver 111.0.5563.64 found in cache
[INFO] Exporting webdriver.chrome.driver as C:\Users\SRITAMLINKAN\.cache\selenium\chromedriver\win32\111.0.5563.64\chromedriver.exe
[DEBUG] Using SLF4J as the default logging framework
[DEBUG] -Dio.netty.leakDetection.level: simple
[DEBUG] -Dio.netty.leakDetection.targetRecords: 4
[DEBUG] Loaded default ResourceLeakDetector: io.netty.util.ResourceLeakDetector@7d3fb0ef
[DEBUG] -Dio.netty.noUnsafe: false
[DEBUG] Java version: 17
[DEBUG] sun.misc.Unsafe.theUnsafe: available
[DEBUG] sun.misc.Unsafe.copyMemory: available
[DEBUG] sun.misc.Unsafe.storeFence: available
[DEBUG] java.nio.Buffer.address: available
[DEBUG] direct buffer constructor: unavailable: Reflective setAccessible(true) disabled
[DEBUG] java.nio.Bits.unaligned: available, true
[DEBUG] jdk.internal.misc.Unsafe.allocateUninitializedArray(int): unavailable: class io.netty.util.internal.PlatformDependent0$7 cannot access class jdk.internal.misc.Unsafe (in module java.base) because module java.base does not export jdk.internal.misc to unnamed module @7791a895
[DEBUG] java.nio.DirectByteBuffer.<init>(long, int): unavailable
[DEBUG] sun.misc.Unsafe: available
[DEBUG] maxDirectMemory: 4253024256 bytes (maybe)
[DEBUG] -Dio.netty.tmpdir: C:\Users\SRITAM~1\AppData\Local\Temp (java.io.tmpdir)
[DEBUG] -Dio.netty.bitMode: 64 (sun.arch.data.model)
[DEBUG] Platform: Windows
[DEBUG] -Dio.netty.maxDirectMemory: -1 bytes
[DEBUG] -Dio.netty.uninitializedArrayAllocationThreshold: -1
[DEBUG] java.nio.ByteBuffer.cleaner(): available
[DEBUG] -Dio.netty.noPreferDirect: false
[DEBUG] org.jctools-core.MpscChunkedArrayQueue: available
[DEBUG] -Dio.netty.threadLocalMap.stringBuilder.initialSize: 1024
[DEBUG] -Dio.netty.threadLocalMap.stringBuilder.maxSize: 4096
[DEBUG] Default protocols (JDK): [TLSv1.3, TLSv1.2] 
[DEBUG] Default cipher suites (JDK): [TLS_ECDHE_ECDSA_WITH_AES_256_GCM_SHA384, TLS_ECDHE_ECDSA_WITH_AES_128_GCM_SHA256, TLS_ECDHE_RSA_WITH_AES_128_GCM_SHA256, TLS_ECDHE_RSA_WITH_AES_256_GCM_SHA384, TLS_ECDHE_RSA_WITH_AES_128_CBC_SHA, TLS_ECDHE_RSA_WITH_AES_256_CBC_SHA, TLS_RSA_WITH_AES_128_GCM_SHA256, TLS_RSA_WITH_AES_128_CBC_SHA, TLS_RSA_WITH_AES_256_CBC_SHA, TLS_AES_128_GCM_SHA256, TLS_AES_256_GCM_SHA384]
[DEBUG] -Dio.netty.eventLoopThreads: 16
[DEBUG] -Dio.netty.noKeySetOptimization: false
[DEBUG] -Dio.netty.selectorAutoRebuildThreshold: 512
[DEBUG] -Dio.netty.allocator.numHeapArenas: 16
[DEBUG] -Dio.netty.allocator.numDirectArenas: 16
[DEBUG] -Dio.netty.allocator.pageSize: 8192
[DEBUG] -Dio.netty.allocator.maxOrder: 9
[DEBUG] -Dio.netty.allocator.chunkSize: 4194304
[DEBUG] -Dio.netty.allocator.smallCacheSize: 256
[DEBUG] -Dio.netty.allocator.normalCacheSize: 64
[DEBUG] -Dio.netty.allocator.maxCachedBufferCapacity: 32768
[DEBUG] -Dio.netty.allocator.cacheTrimInterval: 8192
[DEBUG] -Dio.netty.allocator.cacheTrimIntervalMillis: 0
[DEBUG] -Dio.netty.allocator.useCacheForAllThreads: false
[DEBUG] -Dio.netty.allocator.maxCachedByteBuffersPerChunk: 1023
[DEBUG] -Dio.netty.allocator.type: pooled
[DEBUG] -Dio.netty.threadLocalDirectBufferSize: 0
[DEBUG] -Dio.netty.maxThreadLocalCharBufferSize: 16384
[DEBUG] -Dio.netty.processId: 10696 (auto-detected)
[DEBUG] -Djava.net.preferIPv4Stack: false
[DEBUG] -Djava.net.preferIPv6Addresses: false
[DEBUG] Loopback interface: lo (Software Loopback Interface 1, 127.0.0.1)
[DEBUG] Failed to get SOMAXCONN from sysctl and file \proc\sys\net\core\somaxconn. Default: 200
[DEBUG] -Dio.netty.machineId: 48:e7:da:ff:fe:10:6f:35 (auto-detected)
[DEBUG] -Dio.netty.buffer.checkAccessible: true
[DEBUG] -Dio.netty.buffer.checkBounds: true
[DEBUG] Loaded default ResourceLeakDetector: io.netty.util.ResourceLeakDetector@3bf748e7
[DEBUG] Using new Channel '[id: 0x37d76398, L:/127.0.0.1:63303 - R:localhost/127.0.0.1:63836]' for 'POST' to '/session'
[DEBUG] -Dio.netty.recycler.maxCapacityPerThread: 4096
[DEBUG] -Dio.netty.recycler.ratio: 8
[DEBUG] -Dio.netty.recycler.chunkSize: 32
[DEBUG] -Dio.netty.recycler.blocking: false
[DEBUG] brotli4j not in the classpath; Brotli support will be unavailable.
[DEBUG] 

Request DefaultHttpRequest(decodeResult: success, version: HTTP/1.1)
POST /session HTTP/1.1
User-Agent: selenium/4.2.1 (java windows)
Content-Length: 439
Content-Type: application/json; charset=utf-8
host: localhost:63836
accept: */*

Response DefaultHttpResponse(decodeResult: success, version: HTTP/1.1)
HTTP/1.1 200 OK
Content-Type: application/json; charset=utf-8
cache-control: no-cache
content-length: 860

[DEBUG] Adding key: http://localhost:63836 for channel [id: 0x37d76398, L:/127.0.0.1:63303 - R:localhost/127.0.0.1:63836]
[DEBUG] Using new Channel '[id: 0x39e2169e, L:/127.0.0.1:63314 - R:localhost/127.0.0.1:63304]' for 'GET' to '/json/version'
[DEBUG] 

Request DefaultFullHttpRequest(decodeResult: success, version: HTTP/1.1, content: EmptyByteBufBE)
GET /json/version HTTP/1.1
User-Agent: selenium/4.2.1 (java windows)
host: localhost:63304
accept: */*

Response DefaultHttpResponse(decodeResult: success, version: HTTP/1.1)
HTTP/1.1 200 OK
Content-Security-Policy: frame-ancestors 'none'
Content-Type: application/json; charset=UTF-8
content-length: 424

[DEBUG] Adding key: http://localhost:63304 for channel [id: 0x39e2169e, L:/127.0.0.1:63314 - R:localhost/127.0.0.1:63304]
[DEBUG] -Dio.netty.initialSeedUniquifier: 0x5df3693479e90dda
[DEBUG] Using new Channel '[id: 0xa5a25777, L:/127.0.0.1:63315 - R:localhost/127.0.0.1:63304]' for 'GET' to '/devtools/browser/d879b284-10ad-48ac-b88f-4ef9d1465344'
[DEBUG] 

Request DefaultFullHttpRequest(decodeResult: success, version: HTTP/1.1, content: EmptyByteBufBE)
GET /devtools/browser/d879b284-10ad-48ac-b88f-4ef9d1465344 HTTP/1.1
upgrade: websocket
connection: upgrade
sec-websocket-key: 4zYAUCTNfrjApn8NEgyelA==
sec-websocket-version: 13
origin: http://localhost:63304
host: localhost:63304
accept: */*
user-agent: AHC/2.1

Response DefaultHttpResponse(decodeResult: success, version: HTTP/1.1)
HTTP/1.1 101 WebSocket Protocol Handshake
Upgrade: WebSocket
Connection: Upgrade
Sec-WebSocket-Accept: 5kQXpL7psdHhRyU1ntTa369EKAI=

[DEBUG] Using pooled Channel '[id: 0x37d76398, L:/127.0.0.1:63303 - R:localhost/127.0.0.1:63836]' for 'POST' to 'http://localhost:63836/session/a0d6f6aa4884ec17a6b3faf14a16c89d/window/maximize'
[DEBUG] Using open Channel [id: 0x37d76398, L:/127.0.0.1:63303 - R:localhost/127.0.0.1:63836] for POST '/session/a0d6f6aa4884ec17a6b3faf14a16c89d/window/maximize'
[DEBUG] Entry count for : http://localhost:63304 : 1
[DEBUG] 

Request DefaultHttpRequest(decodeResult: success, version: HTTP/1.1)
POST /session/a0d6f6aa4884ec17a6b3faf14a16c89d/window/maximize HTTP/1.1
User-Agent: selenium/4.2.1 (java windows)
Content-Length: 3
Content-Type: application/json; charset=utf-8
host: localhost:63836
accept: */*

Response DefaultHttpResponse(decodeResult: success, version: HTTP/1.1)
HTTP/1.1 200 OK
Content-Type: application/json; charset=utf-8
cache-control: no-cache
content-length: 51

[DEBUG] Adding key: http://localhost:63836 for channel [id: 0x37d76398, L:/127.0.0.1:63303 - R:localhost/127.0.0.1:63836]
[DEBUG] Using pooled Channel '[id: 0x37d76398, L:/127.0.0.1:63303 - R:localhost/127.0.0.1:63836]' for 'POST' to 'http://localhost:63836/session/a0d6f6aa4884ec17a6b3faf14a16c89d/timeouts'
[DEBUG] Using open Channel [id: 0x37d76398, L:/127.0.0.1:63303 - R:localhost/127.0.0.1:63836] for POST '/session/a0d6f6aa4884ec17a6b3faf14a16c89d/timeouts'
[DEBUG] 

Request DefaultHttpRequest(decodeResult: success, version: HTTP/1.1)
POST /session/a0d6f6aa4884ec17a6b3faf14a16c89d/timeouts HTTP/1.1
User-Agent: selenium/4.2.1 (java windows)
Content-Length: 23
Content-Type: application/json; charset=utf-8
host: localhost:63836
accept: */*

Response DefaultHttpResponse(decodeResult: success, version: HTTP/1.1)
HTTP/1.1 200 OK
Content-Type: application/json; charset=utf-8
cache-control: no-cache
content-length: 14

[DEBUG] Adding key: http://localhost:63836 for channel [id: 0x37d76398, L:/127.0.0.1:63303 - R:localhost/127.0.0.1:63836]
[DEBUG] Using pooled Channel '[id: 0x37d76398, L:/127.0.0.1:63303 - R:localhost/127.0.0.1:63836]' for 'POST' to 'http://localhost:63836/session/a0d6f6aa4884ec17a6b3faf14a16c89d/url'
[DEBUG] Using open Channel [id: 0x37d76398, L:/127.0.0.1:63303 - R:localhost/127.0.0.1:63836] for POST '/session/a0d6f6aa4884ec17a6b3faf14a16c89d/url'
[DEBUG] Entry count for : http://localhost:63304 : 1
[DEBUG] Entry count for : http://localhost:63304 : 1
[DEBUG] 

Request DefaultHttpRequest(decodeResult: success, version: HTTP/1.1)
POST /session/a0d6f6aa4884ec17a6b3faf14a16c89d/url HTTP/1.1
User-Agent: selenium/4.2.1 (java windows)
Content-Length: 100
Content-Type: application/json; charset=utf-8
host: localhost:63836
accept: */*

Response DefaultHttpResponse(decodeResult: success, version: HTTP/1.1)
HTTP/1.1 200 OK
Content-Type: application/json; charset=utf-8
cache-control: no-cache
content-length: 14

[DEBUG] Adding key: http://localhost:63836 for channel [id: 0x37d76398, L:/127.0.0.1:63303 - R:localhost/127.0.0.1:63836]
[DEBUG] Using pooled Channel '[id: 0x37d76398, L:/127.0.0.1:63303 - R:localhost/127.0.0.1:63836]' for 'POST' to 'http://localhost:63836/session/a0d6f6aa4884ec17a6b3faf14a16c89d/element'
[DEBUG] Using open Channel [id: 0x37d76398, L:/127.0.0.1:63303 - R:localhost/127.0.0.1:63836] for POST '/session/a0d6f6aa4884ec17a6b3faf14a16c89d/element'
[DEBUG] 

Request DefaultHttpRequest(decodeResult: success, version: HTTP/1.1)
POST /session/a0d6f6aa4884ec17a6b3faf14a16c89d/element HTTP/1.1
User-Agent: selenium/4.2.1 (java windows)
Content-Length: 58
Content-Type: application/json; charset=utf-8
host: localhost:63836
accept: */*

Response DefaultHttpResponse(decodeResult: success, version: HTTP/1.1)
HTTP/1.1 200 OK
Content-Type: application/json; charset=utf-8
cache-control: no-cache
content-length: 88

[DEBUG] Adding key: http://localhost:63836 for channel [id: 0x37d76398, L:/127.0.0.1:63303 - R:localhost/127.0.0.1:63836]
[DEBUG] Using pooled Channel '[id: 0x37d76398, L:/127.0.0.1:63303 - R:localhost/127.0.0.1:63836]' for 'POST' to 'http://localhost:63836/session/a0d6f6aa4884ec17a6b3faf14a16c89d/element/bbe007bb-cc1b-4f92-8118-ce224db463b3/clear'
[DEBUG] Using open Channel [id: 0x37d76398, L:/127.0.0.1:63303 - R:localhost/127.0.0.1:63836] for POST '/session/a0d6f6aa4884ec17a6b3faf14a16c89d/element/bbe007bb-cc1b-4f92-8118-ce224db463b3/clear'
[DEBUG] 

Request DefaultHttpRequest(decodeResult: success, version: HTTP/1.1)
POST /session/a0d6f6aa4884ec17a6b3faf14a16c89d/element/bbe007bb-cc1b-4f92-8118-ce224db463b3/clear HTTP/1.1
User-Agent: selenium/4.2.1 (java windows)
Content-Length: 50
Content-Type: application/json; charset=utf-8
host: localhost:63836
accept: */*

Response DefaultHttpResponse(decodeResult: success, version: HTTP/1.1)
HTTP/1.1 200 OK
Content-Type: application/json; charset=utf-8
cache-control: no-cache
content-length: 14

[DEBUG] Adding key: http://localhost:63836 for channel [id: 0x37d76398, L:/127.0.0.1:63303 - R:localhost/127.0.0.1:63836]
[DEBUG] Using pooled Channel '[id: 0x37d76398, L:/127.0.0.1:63303 - R:localhost/127.0.0.1:63836]' for 'POST' to 'http://localhost:63836/session/a0d6f6aa4884ec17a6b3faf14a16c89d/element'
[DEBUG] Using open Channel [id: 0x37d76398, L:/127.0.0.1:63303 - R:localhost/127.0.0.1:63836] for POST '/session/a0d6f6aa4884ec17a6b3faf14a16c89d/element'
[DEBUG] 

Request DefaultHttpRequest(decodeResult: success, version: HTTP/1.1)
POST /session/a0d6f6aa4884ec17a6b3faf14a16c89d/element HTTP/1.1
User-Agent: selenium/4.2.1 (java windows)
Content-Length: 58
Content-Type: application/json; charset=utf-8
host: localhost:63836
accept: */*

Response DefaultHttpResponse(decodeResult: success, version: HTTP/1.1)
HTTP/1.1 200 OK
Content-Type: application/json; charset=utf-8
cache-control: no-cache
content-length: 88

[DEBUG] Adding key: http://localhost:63836 for channel [id: 0x37d76398, L:/127.0.0.1:63303 - R:localhost/127.0.0.1:63836]
[DEBUG] Using pooled Channel '[id: 0x37d76398, L:/127.0.0.1:63303 - R:localhost/127.0.0.1:63836]' for 'POST' to 'http://localhost:63836/session/a0d6f6aa4884ec17a6b3faf14a16c89d/element/bbe007bb-cc1b-4f92-8118-ce224db463b3/value'
[DEBUG] Using open Channel [id: 0x37d76398, L:/127.0.0.1:63303 - R:localhost/127.0.0.1:63836] for POST '/session/a0d6f6aa4884ec17a6b3faf14a16c89d/element/bbe007bb-cc1b-4f92-8118-ce224db463b3/value'
[DEBUG] 

Request DefaultHttpRequest(decodeResult: success, version: HTTP/1.1)
POST /session/a0d6f6aa4884ec17a6b3faf14a16c89d/element/bbe007bb-cc1b-4f92-8118-ce224db463b3/value HTTP/1.1
User-Agent: selenium/4.2.1 (java windows)
Content-Length: 241
Content-Type: application/json; charset=utf-8
host: localhost:63836
accept: */*

Response DefaultHttpResponse(decodeResult: success, version: HTTP/1.1)
HTTP/1.1 200 OK
Content-Type: application/json; charset=utf-8
cache-control: no-cache
content-length: 14

[DEBUG] Adding key: http://localhost:63836 for channel [id: 0x37d76398, L:/127.0.0.1:63303 - R:localhost/127.0.0.1:63836]
[DEBUG] Using pooled Channel '[id: 0x37d76398, L:/127.0.0.1:63303 - R:localhost/127.0.0.1:63836]' for 'POST' to 'http://localhost:63836/session/a0d6f6aa4884ec17a6b3faf14a16c89d/element'
[DEBUG] Using open Channel [id: 0x37d76398, L:/127.0.0.1:63303 - R:localhost/127.0.0.1:63836] for POST '/session/a0d6f6aa4884ec17a6b3faf14a16c89d/element'
[DEBUG] 

Request DefaultHttpRequest(decodeResult: success, version: HTTP/1.1)
POST /session/a0d6f6aa4884ec17a6b3faf14a16c89d/element HTTP/1.1
User-Agent: selenium/4.2.1 (java windows)
Content-Length: 61
Content-Type: application/json; charset=utf-8
host: localhost:63836
accept: */*

Response DefaultHttpResponse(decodeResult: success, version: HTTP/1.1)
HTTP/1.1 200 OK
Content-Type: application/json; charset=utf-8
cache-control: no-cache
content-length: 88

[DEBUG] Adding key: http://localhost:63836 for channel [id: 0x37d76398, L:/127.0.0.1:63303 - R:localhost/127.0.0.1:63836]
[DEBUG] Using pooled Channel '[id: 0x37d76398, L:/127.0.0.1:63303 - R:localhost/127.0.0.1:63836]' for 'POST' to 'http://localhost:63836/session/a0d6f6aa4884ec17a6b3faf14a16c89d/element/573babb5-b1b5-428a-80ec-2d1ca3f17dcf/clear'
[DEBUG] Using open Channel [id: 0x37d76398, L:/127.0.0.1:63303 - R:localhost/127.0.0.1:63836] for POST '/session/a0d6f6aa4884ec17a6b3faf14a16c89d/element/573babb5-b1b5-428a-80ec-2d1ca3f17dcf/clear'
[DEBUG] 

Request DefaultHttpRequest(decodeResult: success, version: HTTP/1.1)
POST /session/a0d6f6aa4884ec17a6b3faf14a16c89d/element/573babb5-b1b5-428a-80ec-2d1ca3f17dcf/clear HTTP/1.1
User-Agent: selenium/4.2.1 (java windows)
Content-Length: 50
Content-Type: application/json; charset=utf-8
host: localhost:63836
accept: */*

Response DefaultHttpResponse(decodeResult: success, version: HTTP/1.1)
HTTP/1.1 200 OK
Content-Type: application/json; charset=utf-8
cache-control: no-cache
content-length: 14

[DEBUG] Adding key: http://localhost:63836 for channel [id: 0x37d76398, L:/127.0.0.1:63303 - R:localhost/127.0.0.1:63836]
[DEBUG] Using pooled Channel '[id: 0x37d76398, L:/127.0.0.1:63303 - R:localhost/127.0.0.1:63836]' for 'POST' to 'http://localhost:63836/session/a0d6f6aa4884ec17a6b3faf14a16c89d/element'
[DEBUG] Using open Channel [id: 0x37d76398, L:/127.0.0.1:63303 - R:localhost/127.0.0.1:63836] for POST '/session/a0d6f6aa4884ec17a6b3faf14a16c89d/element'
[DEBUG] 

Request DefaultHttpRequest(decodeResult: success, version: HTTP/1.1)
POST /session/a0d6f6aa4884ec17a6b3faf14a16c89d/element HTTP/1.1
User-Agent: selenium/4.2.1 (java windows)
Content-Length: 61
Content-Type: application/json; charset=utf-8
host: localhost:63836
accept: */*

Response DefaultHttpResponse(decodeResult: success, version: HTTP/1.1)
HTTP/1.1 200 OK
Content-Type: application/json; charset=utf-8
cache-control: no-cache
content-length: 88

[DEBUG] Adding key: http://localhost:63836 for channel [id: 0x37d76398, L:/127.0.0.1:63303 - R:localhost/127.0.0.1:63836]
[DEBUG] Using pooled Channel '[id: 0x37d76398, L:/127.0.0.1:63303 - R:localhost/127.0.0.1:63836]' for 'POST' to 'http://localhost:63836/session/a0d6f6aa4884ec17a6b3faf14a16c89d/element/573babb5-b1b5-428a-80ec-2d1ca3f17dcf/value'
[DEBUG] Using open Channel [id: 0x37d76398, L:/127.0.0.1:63303 - R:localhost/127.0.0.1:63836] for POST '/session/a0d6f6aa4884ec17a6b3faf14a16c89d/element/573babb5-b1b5-428a-80ec-2d1ca3f17dcf/value'
[DEBUG] Entry count for : http://localhost:63304 : 1
[DEBUG] 

Request DefaultHttpRequest(decodeResult: success, version: HTTP/1.1)
POST /session/a0d6f6aa4884ec17a6b3faf14a16c89d/element/573babb5-b1b5-428a-80ec-2d1ca3f17dcf/value HTTP/1.1
User-Agent: selenium/4.2.1 (java windows)
Content-Length: 141
Content-Type: application/json; charset=utf-8
host: localhost:63836
accept: */*

Response DefaultHttpResponse(decodeResult: success, version: HTTP/1.1)
HTTP/1.1 200 OK
Content-Type: application/json; charset=utf-8
cache-control: no-cache
content-length: 14

[DEBUG] Adding key: http://localhost:63836 for channel [id: 0x37d76398, L:/127.0.0.1:63303 - R:localhost/127.0.0.1:63836]
[DEBUG] Using pooled Channel '[id: 0x37d76398, L:/127.0.0.1:63303 - R:localhost/127.0.0.1:63836]' for 'POST' to 'http://localhost:63836/session/a0d6f6aa4884ec17a6b3faf14a16c89d/element'
[DEBUG] Using open Channel [id: 0x37d76398, L:/127.0.0.1:63303 - R:localhost/127.0.0.1:63836] for POST '/session/a0d6f6aa4884ec17a6b3faf14a16c89d/element'
[DEBUG] 

Request DefaultHttpRequest(decodeResult: success, version: HTTP/1.1)
POST /session/a0d6f6aa4884ec17a6b3faf14a16c89d/element HTTP/1.1
User-Agent: selenium/4.2.1 (java windows)
Content-Length: 70
Content-Type: application/json; charset=utf-8
host: localhost:63836
accept: */*

Response DefaultHttpResponse(decodeResult: success, version: HTTP/1.1)
HTTP/1.1 200 OK
Content-Type: application/json; charset=utf-8
cache-control: no-cache
content-length: 88

[DEBUG] Adding key: http://localhost:63836 for channel [id: 0x37d76398, L:/127.0.0.1:63303 - R:localhost/127.0.0.1:63836]
[DEBUG] Using pooled Channel '[id: 0x37d76398, L:/127.0.0.1:63303 - R:localhost/127.0.0.1:63836]' for 'POST' to 'http://localhost:63836/session/a0d6f6aa4884ec17a6b3faf14a16c89d/element/86f38b86-89e7-4551-968a-99747efe4b72/click'
[DEBUG] Using open Channel [id: 0x37d76398, L:/127.0.0.1:63303 - R:localhost/127.0.0.1:63836] for POST '/session/a0d6f6aa4884ec17a6b3faf14a16c89d/element/86f38b86-89e7-4551-968a-99747efe4b72/click'
[DEBUG] 

Request DefaultHttpRequest(decodeResult: success, version: HTTP/1.1)
POST /session/a0d6f6aa4884ec17a6b3faf14a16c89d/element/86f38b86-89e7-4551-968a-99747efe4b72/click HTTP/1.1
User-Agent: selenium/4.2.1 (java windows)
Content-Length: 50
Content-Type: application/json; charset=utf-8
host: localhost:63836
accept: */*

Response DefaultHttpResponse(decodeResult: success, version: HTTP/1.1)
HTTP/1.1 200 OK
Content-Type: application/json; charset=utf-8
cache-control: no-cache
content-length: 14

[DEBUG] Adding key: http://localhost:63836 for channel [id: 0x37d76398, L:/127.0.0.1:63303 - R:localhost/127.0.0.1:63836]
[DEBUG] Using pooled Channel '[id: 0x37d76398, L:/127.0.0.1:63303 - R:localhost/127.0.0.1:63836]' for 'GET' to 'http://localhost:63836/session/a0d6f6aa4884ec17a6b3faf14a16c89d/title'
[DEBUG] Using open Channel [id: 0x37d76398, L:/127.0.0.1:63303 - R:localhost/127.0.0.1:63836] for GET '/session/a0d6f6aa4884ec17a6b3faf14a16c89d/title'
[DEBUG] 

Request DefaultFullHttpRequest(decodeResult: success, version: HTTP/1.1, content: EmptyByteBufBE)
GET /session/a0d6f6aa4884ec17a6b3faf14a16c89d/title HTTP/1.1
User-Agent: selenium/4.2.1 (java windows)
Cache-Control: no-cache
Content-Type: application/json; charset=utf-8
host: localhost:63836
accept: */*

Response DefaultHttpResponse(decodeResult: success, version: HTTP/1.1)
HTTP/1.1 200 OK
Content-Type: application/json; charset=utf-8
cache-control: no-cache
content-length: 22

[DEBUG] Adding key: http://localhost:63836 for channel [id: 0x37d76398, L:/127.0.0.1:63303 - R:localhost/127.0.0.1:63836]
[DEBUG] Using pooled Channel '[id: 0x37d76398, L:/127.0.0.1:63303 - R:localhost/127.0.0.1:63836]' for 'POST' to 'http://localhost:63836/session/a0d6f6aa4884ec17a6b3faf14a16c89d/element'
[DEBUG] Using open Channel [id: 0x37d76398, L:/127.0.0.1:63303 - R:localhost/127.0.0.1:63836] for POST '/session/a0d6f6aa4884ec17a6b3faf14a16c89d/element'
[DEBUG] 

Request DefaultHttpRequest(decodeResult: success, version: HTTP/1.1)
POST /session/a0d6f6aa4884ec17a6b3faf14a16c89d/element HTTP/1.1
User-Agent: selenium/4.2.1 (java windows)
Content-Length: 47
Content-Type: application/json; charset=utf-8
host: localhost:63836
accept: */*

Response DefaultHttpResponse(decodeResult: success, version: HTTP/1.1)
HTTP/1.1 200 OK
Content-Type: application/json; charset=utf-8
cache-control: no-cache
content-length: 88

[DEBUG] Adding key: http://localhost:63836 for channel [id: 0x37d76398, L:/127.0.0.1:63303 - R:localhost/127.0.0.1:63836]
[DEBUG] Using pooled Channel '[id: 0x37d76398, L:/127.0.0.1:63303 - R:localhost/127.0.0.1:63836]' for 'POST' to 'http://localhost:63836/session/a0d6f6aa4884ec17a6b3faf14a16c89d/element/d1e47ddc-1097-40d4-9326-a9d35d4b2458/click'
[DEBUG] Using open Channel [id: 0x37d76398, L:/127.0.0.1:63303 - R:localhost/127.0.0.1:63836] for POST '/session/a0d6f6aa4884ec17a6b3faf14a16c89d/element/d1e47ddc-1097-40d4-9326-a9d35d4b2458/click'
[DEBUG] 

Request DefaultHttpRequest(decodeResult: success, version: HTTP/1.1)
POST /session/a0d6f6aa4884ec17a6b3faf14a16c89d/element/d1e47ddc-1097-40d4-9326-a9d35d4b2458/click HTTP/1.1
User-Agent: selenium/4.2.1 (java windows)
Content-Length: 50
Content-Type: application/json; charset=utf-8
host: localhost:63836
accept: */*

Response DefaultHttpResponse(decodeResult: success, version: HTTP/1.1)
HTTP/1.1 200 OK
Content-Type: application/json; charset=utf-8
cache-control: no-cache
content-length: 14

[DEBUG] Adding key: http://localhost:63836 for channel [id: 0x37d76398, L:/127.0.0.1:63303 - R:localhost/127.0.0.1:63836]
[DEBUG] Using pooled Channel '[id: 0x37d76398, L:/127.0.0.1:63303 - R:localhost/127.0.0.1:63836]' for 'GET' to 'http://localhost:63836/session/a0d6f6aa4884ec17a6b3faf14a16c89d/title'
[DEBUG] Using open Channel [id: 0x37d76398, L:/127.0.0.1:63303 - R:localhost/127.0.0.1:63836] for GET '/session/a0d6f6aa4884ec17a6b3faf14a16c89d/title'
[DEBUG] 

Request DefaultFullHttpRequest(decodeResult: success, version: HTTP/1.1, content: EmptyByteBufBE)
GET /session/a0d6f6aa4884ec17a6b3faf14a16c89d/title HTTP/1.1
User-Agent: selenium/4.2.1 (java windows)
Cache-Control: no-cache
Content-Type: application/json; charset=utf-8
host: localhost:63836
accept: */*

Response DefaultHttpResponse(decodeResult: success, version: HTTP/1.1)
HTTP/1.1 200 OK
Content-Type: application/json; charset=utf-8
cache-control: no-cache
content-length: 26

[DEBUG] Adding key: http://localhost:63836 for channel [id: 0x37d76398, L:/127.0.0.1:63303 - R:localhost/127.0.0.1:63836]
[DEBUG] Using pooled Channel '[id: 0x37d76398, L:/127.0.0.1:63303 - R:localhost/127.0.0.1:63836]' for 'DELETE' to 'http://localhost:63836/session/a0d6f6aa4884ec17a6b3faf14a16c89d/window'
[DEBUG] Using open Channel [id: 0x37d76398, L:/127.0.0.1:63303 - R:localhost/127.0.0.1:63836] for DELETE '/session/a0d6f6aa4884ec17a6b3faf14a16c89d/window'
[DEBUG] Channel Closed: [id: 0x39e2169e, L:/127.0.0.1:63314 ! R:localhost/127.0.0.1:63304] with attribute DISCARD
[DEBUG] Channel Closed: [id: 0xa5a25777, L:/127.0.0.1:63315 ! R:localhost/127.0.0.1:63304] with attribute NettyResponseFuture{currentRetry=0,
	isDone=1,
	isCancelled=0,
	asyncHandler=org.asynchttpclient.ws.WebSocketUpgradeHandler@64c6b99,
	nettyRequest=org.asynchttpclient.netty.request.NettyRequest@5c290227,
	future=java.util.concurrent.CompletableFuture@6a11c44d[Completed normally],
	uri=ws://localhost:63304/devtools/browser/d879b284-10ad-48ac-b88f-4ef9d1465344,
	keepAlive=true,
	redirectCount=0,
	timeoutsHolder=null,
	inAuth=0,
	touch=1680364845135}
[DEBUG] Closing Channel [id: 0xa5a25777, L:/127.0.0.1:63315 ! R:localhost/127.0.0.1:63304] 
[DEBUG] Entry count for : http://localhost:63304 : 1
[DEBUG] Adding Candidate expired Channel [id: 0x39e2169e, L:/127.0.0.1:63314 ! R:localhost/127.0.0.1:63304] isIdleTimeoutExpired=false isRemotelyClosed=true isTtlExpired=false
[DEBUG] Closing Idle Channel [id: 0x39e2169e, L:/127.0.0.1:63314 ! R:localhost/127.0.0.1:63304]
[DEBUG] Closed 1 connections out of 1 in 1 ms
[DEBUG] 

Request DefaultFullHttpRequest(decodeResult: success, version: HTTP/1.1, content: EmptyByteBufBE)
DELETE /session/a0d6f6aa4884ec17a6b3faf14a16c89d/window HTTP/1.1
User-Agent: selenium/4.2.1 (java windows)
Content-Type: application/json; charset=utf-8
host: localhost:63836
accept: */*

Response DefaultHttpResponse(decodeResult: success, version: HTTP/1.1)
HTTP/1.1 200 OK
Content-Type: application/json; charset=utf-8
cache-control: no-cache
content-length: 12

[DEBUG] Adding key: http://localhost:63836 for channel [id: 0x37d76398, L:/127.0.0.1:63303 - R:localhost/127.0.0.1:63836]
]]></system-out>
    <system-err><![CDATA[Starting ChromeDriver 111.0.5563.64 (c710e93d5b63b7095afe8c2c17df34408078439d-refs/branch-heads/5563@{#995}) on port 63836
Only local connections are allowed.
Please see https://chromedriver.chromium.org/security-considerations for suggestions on keeping ChromeDriver safe.
ChromeDriver was started successfully.
Apr 01, 2023 9:30:45 PM org.openqa.selenium.remote.ProtocolHandshake createSession
INFO: Detected upstream dialect: W3C
Apr 01, 2023 9:30:45 PM org.openqa.selenium.devtools.CdpVersionFinder findNearestMatch
WARNING: Unable to find an exact match for CDP version 111, so returning the closest version found: a no-op implementation
Apr 01, 2023 9:30:45 PM org.openqa.selenium.devtools.CdpVersionFinder findNearestMatch
INFO: Unable to find CDP implementation matching 111.
Apr 01, 2023 9:30:45 PM org.openqa.selenium.chromium.ChromiumDriver lambda$new$3
WARNING: Unable to find version of CDP to use for . You may need to include a dependency on a specific version of the CDP using something similar to `org.seleniumhq.selenium:selenium-devtools-v86:4.2.1` where the version ("v86") matches the version of the chromium-based browser you're using and the version number of the artifact is the same as Selenium's.
]]></system-err>
  </testcase>
  <testcase name="runScenario[&quot;Verify search functionality with valid product&quot;, &quot;Search&quot;](2)" classname="CucumberRunner.TestRunner" time="13.261">
    <failure message="no such element: Unable to locate element: {&quot;method&quot;:&quot;xpath&quot;,&quot;selector&quot;:&quot;//button[@class=&apos;btn btn-default btn-lg1&apos;]&quot;}&#10;  (Session info: chrome=111.0.5563.147)&#10;For documentation on this error, please visit: https://selenium.dev/exceptions/#no_such_element&#10;Build info: version: &apos;4.2.1&apos;, revision: &apos;ac4d0fdd4a&apos;&#10;System info: host: &apos;LAPTOP-JUND32GT&apos;, ip: &apos;192.168.18.189&apos;, os.name: &apos;Windows 11&apos;, os.arch: &apos;amd64&apos;, os.version: &apos;10.0&apos;, java.version: &apos;17.0.6&apos;&#10;Driver info: org.openqa.selenium.chrome.ChromeDriver&#10;Command: [763cb86553595367fe2c9398e70e8e28, findElement {using=xpath, value=//button[@class=&apos;btn btn-default btn-lg1&apos;]}]&#10;Capabilities {acceptInsecureCerts: false, browserName: chrome, browserVersion: 111.0.5563.147, chrome: {chromedriverVersion: 111.0.5563.64 (c710e93d5b63..., userDataDir: C:\Users\SRITAM~1\AppData\L...}, goog:chromeOptions: {debuggerAddress: localhost:63346}, networkConnectionEnabled: false, pageLoadStrategy: normal, platformName: WINDOWS, proxy: Proxy(), se:cdp: ws://localhost:63346/devtoo..., se:cdpVersion: 111.0.5563.147, setWindowRect: true, strictFileInteractability: false, timeouts: {implicit: 0, pageLoad: 300000, script: 30000}, unhandledPromptBehavior: dismiss and notify, webauthn:extension:credBlob: true, webauthn:extension:largeBlob: true, webauthn:extension:minPinLength: true, webauthn:extension:prf: true, webauthn:virtualAuthenticators: true}&#10;Session ID: 763cb86553595367fe2c9398e70e8e28" type="org.openqa.selenium.NoSuchElementException"><![CDATA[org.openqa.selenium.NoSuchElementException: 
no such element: Unable to locate element: {"method":"xpath","selector":"//button[@class='btn btn-default btn-lg1']"}
  (Session info: chrome=111.0.5563.147)
For documentation on this error, please visit: https://selenium.dev/exceptions/#no_such_element
Build info: version: '4.2.1', revision: 'ac4d0fdd4a'
System info: host: 'LAPTOP-JUND32GT', ip: '192.168.18.189', os.name: 'Windows 11', os.arch: 'amd64', os.version: '10.0', java.version: '17.0.6'
Driver info: org.openqa.selenium.chrome.ChromeDriver
Command: [763cb86553595367fe2c9398e70e8e28, findElement {using=xpath, value=//button[@class='btn btn-default btn-lg1']}]
Capabilities {acceptInsecureCerts: false, browserName: chrome, browserVersion: 111.0.5563.147, chrome: {chromedriverVersion: 111.0.5563.64 (c710e93d5b63..., userDataDir: C:\Users\SRITAM~1\AppData\L...}, goog:chromeOptions: {debuggerAddress: localhost:63346}, networkConnectionEnabled: false, pageLoadStrategy: normal, platformName: WINDOWS, proxy: Proxy(), se:cdp: ws://localhost:63346/devtoo..., se:cdpVersion: 111.0.5563.147, setWindowRect: true, strictFileInteractability: false, timeouts: {implicit: 0, pageLoad: 300000, script: 30000}, unhandledPromptBehavior: dismiss and notify, webauthn:extension:credBlob: true, webauthn:extension:largeBlob: true, webauthn:extension:minPinLength: true, webauthn:extension:prf: true, webauthn:virtualAuthenticators: true}
Session ID: 763cb86553595367fe2c9398e70e8e28
	at java.base/jdk.internal.reflect.NativeConstructorAccessorImpl.newInstance0(Native Method)
	at java.base/jdk.internal.reflect.NativeConstructorAccessorImpl.newInstance(NativeConstructorAccessorImpl.java:77)
	at java.base/jdk.internal.reflect.DelegatingConstructorAccessorImpl.newInstance(DelegatingConstructorAccessorImpl.java:45)
	at java.base/java.lang.reflect.Constructor.newInstanceWithCaller(Constructor.java:499)
	at java.base/java.lang.reflect.Constructor.newInstance(Constructor.java:480)
	at org.openqa.selenium.remote.codec.w3c.W3CHttpResponseCodec.createException(W3CHttpResponseCodec.java:200)
	at org.openqa.selenium.remote.codec.w3c.W3CHttpResponseCodec.decode(W3CHttpResponseCodec.java:133)
	at org.openqa.selenium.remote.codec.w3c.W3CHttpResponseCodec.decode(W3CHttpResponseCodec.java:53)
	at org.openqa.selenium.remote.HttpCommandExecutor.execute(HttpCommandExecutor.java:184)
	at org.openqa.selenium.remote.service.DriverCommandExecutor.invokeExecute(DriverCommandExecutor.java:167)
	at org.openqa.selenium.remote.service.DriverCommandExecutor.execute(DriverCommandExecutor.java:142)
	at org.openqa.selenium.remote.RemoteWebDriver.execute(RemoteWebDriver.java:551)
	at org.openqa.selenium.remote.ElementLocation$ElementFinder$2.findElement(ElementLocation.java:162)
	at org.openqa.selenium.remote.ElementLocation.findElement(ElementLocation.java:60)
	at org.openqa.selenium.remote.RemoteWebDriver.findElement(RemoteWebDriver.java:369)
	at org.openqa.selenium.remote.RemoteWebDriver.findElement(RemoteWebDriver.java:361)
	at org.openqa.selenium.support.pagefactory.DefaultElementLocator.findElement(DefaultElementLocator.java:70)
	at org.openqa.selenium.support.pagefactory.internal.LocatingElementHandler.invoke(LocatingElementHandler.java:39)
	at jdk.proxy2/jdk.proxy2.$Proxy27.click(Unknown Source)
	at PageObject.HomePage.clickOnsearchBtn(HomePage.java:30)
	at StepDefinitions.SearchStepDef.clicks_on_search_button(SearchStepDef.java:18)
	at ✽.Clicks on search button(file:///C:/Users/SRITAMLINKAN/eclipse-workspace/cucumberproject/./Features/search.feature:12)
]]></failure>
    <system-out><![CDATA[[DEBUG] Resolution chrome=111 in cache (valid until 22:29:30 01/04/2023 IST)
[DEBUG] Resolution chrome111=111.0.5563.64 in cache (valid until 23:22:12 01/04/2023 IST)
[INFO] Using chromedriver 111.0.5563.64 (resolved driver for Chrome 111)
[DEBUG] Driver chromedriver 111.0.5563.64 found in cache
[INFO] Exporting webdriver.chrome.driver as C:\Users\SRITAMLINKAN\.cache\selenium\chromedriver\win32\111.0.5563.64\chromedriver.exe
[DEBUG] Using new Channel '[id: 0x6a575318, L:/127.0.0.1:63345 - R:localhost/127.0.0.1:51205]' for 'POST' to '/session'
[DEBUG] 

Request DefaultHttpRequest(decodeResult: success, version: HTTP/1.1)
POST /session HTTP/1.1
User-Agent: selenium/4.2.1 (java windows)
Content-Length: 439
Content-Type: application/json; charset=utf-8
host: localhost:51205
accept: */*

Response DefaultHttpResponse(decodeResult: success, version: HTTP/1.1)
HTTP/1.1 200 OK
Content-Type: application/json; charset=utf-8
cache-control: no-cache
content-length: 863

[DEBUG] Adding key: http://localhost:51205 for channel [id: 0x6a575318, L:/127.0.0.1:63345 - R:localhost/127.0.0.1:51205]
[DEBUG] Using new Channel '[id: 0x06259aef, L:/127.0.0.1:63352 - R:localhost/127.0.0.1:63346]' for 'GET' to '/json/version'
[DEBUG] 

Request DefaultFullHttpRequest(decodeResult: success, version: HTTP/1.1, content: EmptyByteBufBE)
GET /json/version HTTP/1.1
User-Agent: selenium/4.2.1 (java windows)
host: localhost:63346
accept: */*

Response DefaultHttpResponse(decodeResult: success, version: HTTP/1.1)
HTTP/1.1 200 OK
Content-Security-Policy: frame-ancestors 'none'
Content-Type: application/json; charset=UTF-8
content-length: 424

[DEBUG] Adding key: http://localhost:63346 for channel [id: 0x06259aef, L:/127.0.0.1:63352 - R:localhost/127.0.0.1:63346]
[DEBUG] Using new Channel '[id: 0x5638111f, L:/127.0.0.1:63353 - R:localhost/127.0.0.1:63346]' for 'GET' to '/devtools/browser/4c1b752e-c4dc-40d3-a51a-5cd48ecdfdc6'
[DEBUG] 

Request DefaultFullHttpRequest(decodeResult: success, version: HTTP/1.1, content: EmptyByteBufBE)
GET /devtools/browser/4c1b752e-c4dc-40d3-a51a-5cd48ecdfdc6 HTTP/1.1
upgrade: websocket
connection: upgrade
sec-websocket-key: AlUA7XzbkKzK9gKgQ4b8AA==
sec-websocket-version: 13
origin: http://localhost:63346
host: localhost:63346
accept: */*
user-agent: AHC/2.1

Response DefaultHttpResponse(decodeResult: success, version: HTTP/1.1)
HTTP/1.1 101 WebSocket Protocol Handshake
Upgrade: WebSocket
Connection: Upgrade
Sec-WebSocket-Accept: PNMftMx/lE7AkyoA3Z45i52CmmA=

[DEBUG] Using pooled Channel '[id: 0x6a575318, L:/127.0.0.1:63345 - R:localhost/127.0.0.1:51205]' for 'POST' to 'http://localhost:51205/session/763cb86553595367fe2c9398e70e8e28/window/maximize'
[DEBUG] Using open Channel [id: 0x6a575318, L:/127.0.0.1:63345 - R:localhost/127.0.0.1:51205] for POST '/session/763cb86553595367fe2c9398e70e8e28/window/maximize'
[DEBUG] 

Request DefaultHttpRequest(decodeResult: success, version: HTTP/1.1)
POST /session/763cb86553595367fe2c9398e70e8e28/window/maximize HTTP/1.1
User-Agent: selenium/4.2.1 (java windows)
Content-Length: 3
Content-Type: application/json; charset=utf-8
host: localhost:51205
accept: */*

Response DefaultHttpResponse(decodeResult: success, version: HTTP/1.1)
HTTP/1.1 200 OK
Content-Type: application/json; charset=utf-8
cache-control: no-cache
content-length: 51

[DEBUG] Adding key: http://localhost:51205 for channel [id: 0x6a575318, L:/127.0.0.1:63345 - R:localhost/127.0.0.1:51205]
[DEBUG] Using pooled Channel '[id: 0x6a575318, L:/127.0.0.1:63345 - R:localhost/127.0.0.1:51205]' for 'POST' to 'http://localhost:51205/session/763cb86553595367fe2c9398e70e8e28/timeouts'
[DEBUG] Using open Channel [id: 0x6a575318, L:/127.0.0.1:63345 - R:localhost/127.0.0.1:51205] for POST '/session/763cb86553595367fe2c9398e70e8e28/timeouts'
[DEBUG] 

Request DefaultHttpRequest(decodeResult: success, version: HTTP/1.1)
POST /session/763cb86553595367fe2c9398e70e8e28/timeouts HTTP/1.1
User-Agent: selenium/4.2.1 (java windows)
Content-Length: 23
Content-Type: application/json; charset=utf-8
host: localhost:51205
accept: */*

Response DefaultHttpResponse(decodeResult: success, version: HTTP/1.1)
HTTP/1.1 200 OK
Content-Type: application/json; charset=utf-8
cache-control: no-cache
content-length: 14

[DEBUG] Adding key: http://localhost:51205 for channel [id: 0x6a575318, L:/127.0.0.1:63345 - R:localhost/127.0.0.1:51205]
[DEBUG] Using pooled Channel '[id: 0x6a575318, L:/127.0.0.1:63345 - R:localhost/127.0.0.1:51205]' for 'POST' to 'http://localhost:51205/session/763cb86553595367fe2c9398e70e8e28/url'
[DEBUG] Using open Channel [id: 0x6a575318, L:/127.0.0.1:63345 - R:localhost/127.0.0.1:51205] for POST '/session/763cb86553595367fe2c9398e70e8e28/url'
[DEBUG] Entry count for : http://localhost:63346 : 1
[DEBUG] Entry count for : http://localhost:63836 : 1
[DEBUG] Entry count for : http://localhost:63346 : 1
[DEBUG] Entry count for : http://localhost:63836 : 1
[DEBUG] 

Request DefaultHttpRequest(decodeResult: success, version: HTTP/1.1)
POST /session/763cb86553595367fe2c9398e70e8e28/url HTTP/1.1
User-Agent: selenium/4.2.1 (java windows)
Content-Length: 100
Content-Type: application/json; charset=utf-8
host: localhost:51205
accept: */*

Response DefaultHttpResponse(decodeResult: success, version: HTTP/1.1)
HTTP/1.1 200 OK
Content-Type: application/json; charset=utf-8
cache-control: no-cache
content-length: 14

[DEBUG] Adding key: http://localhost:51205 for channel [id: 0x6a575318, L:/127.0.0.1:63345 - R:localhost/127.0.0.1:51205]
[DEBUG] Using pooled Channel '[id: 0x6a575318, L:/127.0.0.1:63345 - R:localhost/127.0.0.1:51205]' for 'POST' to 'http://localhost:51205/session/763cb86553595367fe2c9398e70e8e28/element'
[DEBUG] Using open Channel [id: 0x6a575318, L:/127.0.0.1:63345 - R:localhost/127.0.0.1:51205] for POST '/session/763cb86553595367fe2c9398e70e8e28/element'
[DEBUG] 

Request DefaultHttpRequest(decodeResult: success, version: HTTP/1.1)
POST /session/763cb86553595367fe2c9398e70e8e28/element HTTP/1.1
User-Agent: selenium/4.2.1 (java windows)
Content-Length: 58
Content-Type: application/json; charset=utf-8
host: localhost:51205
accept: */*

Response DefaultHttpResponse(decodeResult: success, version: HTTP/1.1)
HTTP/1.1 200 OK
Content-Type: application/json; charset=utf-8
cache-control: no-cache
content-length: 88

[DEBUG] Adding key: http://localhost:51205 for channel [id: 0x6a575318, L:/127.0.0.1:63345 - R:localhost/127.0.0.1:51205]
[DEBUG] Using pooled Channel '[id: 0x6a575318, L:/127.0.0.1:63345 - R:localhost/127.0.0.1:51205]' for 'POST' to 'http://localhost:51205/session/763cb86553595367fe2c9398e70e8e28/element/0a888338-d3d1-4247-b6d5-379abba93625/clear'
[DEBUG] Using open Channel [id: 0x6a575318, L:/127.0.0.1:63345 - R:localhost/127.0.0.1:51205] for POST '/session/763cb86553595367fe2c9398e70e8e28/element/0a888338-d3d1-4247-b6d5-379abba93625/clear'
[DEBUG] 

Request DefaultHttpRequest(decodeResult: success, version: HTTP/1.1)
POST /session/763cb86553595367fe2c9398e70e8e28/element/0a888338-d3d1-4247-b6d5-379abba93625/clear HTTP/1.1
User-Agent: selenium/4.2.1 (java windows)
Content-Length: 50
Content-Type: application/json; charset=utf-8
host: localhost:51205
accept: */*

Response DefaultHttpResponse(decodeResult: success, version: HTTP/1.1)
HTTP/1.1 200 OK
Content-Type: application/json; charset=utf-8
cache-control: no-cache
content-length: 14

[DEBUG] Adding key: http://localhost:51205 for channel [id: 0x6a575318, L:/127.0.0.1:63345 - R:localhost/127.0.0.1:51205]
[DEBUG] Using pooled Channel '[id: 0x6a575318, L:/127.0.0.1:63345 - R:localhost/127.0.0.1:51205]' for 'POST' to 'http://localhost:51205/session/763cb86553595367fe2c9398e70e8e28/element'
[DEBUG] Using open Channel [id: 0x6a575318, L:/127.0.0.1:63345 - R:localhost/127.0.0.1:51205] for POST '/session/763cb86553595367fe2c9398e70e8e28/element'
[DEBUG] 

Request DefaultHttpRequest(decodeResult: success, version: HTTP/1.1)
POST /session/763cb86553595367fe2c9398e70e8e28/element HTTP/1.1
User-Agent: selenium/4.2.1 (java windows)
Content-Length: 58
Content-Type: application/json; charset=utf-8
host: localhost:51205
accept: */*

Response DefaultHttpResponse(decodeResult: success, version: HTTP/1.1)
HTTP/1.1 200 OK
Content-Type: application/json; charset=utf-8
cache-control: no-cache
content-length: 88

[DEBUG] Adding key: http://localhost:51205 for channel [id: 0x6a575318, L:/127.0.0.1:63345 - R:localhost/127.0.0.1:51205]
[DEBUG] Using pooled Channel '[id: 0x6a575318, L:/127.0.0.1:63345 - R:localhost/127.0.0.1:51205]' for 'POST' to 'http://localhost:51205/session/763cb86553595367fe2c9398e70e8e28/element/0a888338-d3d1-4247-b6d5-379abba93625/value'
[DEBUG] Using open Channel [id: 0x6a575318, L:/127.0.0.1:63345 - R:localhost/127.0.0.1:51205] for POST '/session/763cb86553595367fe2c9398e70e8e28/element/0a888338-d3d1-4247-b6d5-379abba93625/value'
[DEBUG] 

Request DefaultHttpRequest(decodeResult: success, version: HTTP/1.1)
POST /session/763cb86553595367fe2c9398e70e8e28/element/0a888338-d3d1-4247-b6d5-379abba93625/value HTTP/1.1
User-Agent: selenium/4.2.1 (java windows)
Content-Length: 241
Content-Type: application/json; charset=utf-8
host: localhost:51205
accept: */*

Response DefaultHttpResponse(decodeResult: success, version: HTTP/1.1)
HTTP/1.1 200 OK
Content-Type: application/json; charset=utf-8
cache-control: no-cache
content-length: 14

[DEBUG] Adding key: http://localhost:51205 for channel [id: 0x6a575318, L:/127.0.0.1:63345 - R:localhost/127.0.0.1:51205]
[DEBUG] Using pooled Channel '[id: 0x6a575318, L:/127.0.0.1:63345 - R:localhost/127.0.0.1:51205]' for 'POST' to 'http://localhost:51205/session/763cb86553595367fe2c9398e70e8e28/element'
[DEBUG] Using open Channel [id: 0x6a575318, L:/127.0.0.1:63345 - R:localhost/127.0.0.1:51205] for POST '/session/763cb86553595367fe2c9398e70e8e28/element'
[DEBUG] 

Request DefaultHttpRequest(decodeResult: success, version: HTTP/1.1)
POST /session/763cb86553595367fe2c9398e70e8e28/element HTTP/1.1
User-Agent: selenium/4.2.1 (java windows)
Content-Length: 61
Content-Type: application/json; charset=utf-8
host: localhost:51205
accept: */*

Response DefaultHttpResponse(decodeResult: success, version: HTTP/1.1)
HTTP/1.1 200 OK
Content-Type: application/json; charset=utf-8
cache-control: no-cache
content-length: 88

[DEBUG] Adding key: http://localhost:51205 for channel [id: 0x6a575318, L:/127.0.0.1:63345 - R:localhost/127.0.0.1:51205]
[DEBUG] Using pooled Channel '[id: 0x6a575318, L:/127.0.0.1:63345 - R:localhost/127.0.0.1:51205]' for 'POST' to 'http://localhost:51205/session/763cb86553595367fe2c9398e70e8e28/element/652126b5-1d53-4f23-a49d-433f3c96e974/clear'
[DEBUG] Using open Channel [id: 0x6a575318, L:/127.0.0.1:63345 - R:localhost/127.0.0.1:51205] for POST '/session/763cb86553595367fe2c9398e70e8e28/element/652126b5-1d53-4f23-a49d-433f3c96e974/clear'
[DEBUG] 

Request DefaultHttpRequest(decodeResult: success, version: HTTP/1.1)
POST /session/763cb86553595367fe2c9398e70e8e28/element/652126b5-1d53-4f23-a49d-433f3c96e974/clear HTTP/1.1
User-Agent: selenium/4.2.1 (java windows)
Content-Length: 50
Content-Type: application/json; charset=utf-8
host: localhost:51205
accept: */*

Response DefaultHttpResponse(decodeResult: success, version: HTTP/1.1)
HTTP/1.1 200 OK
Content-Type: application/json; charset=utf-8
cache-control: no-cache
content-length: 14

[DEBUG] Adding key: http://localhost:51205 for channel [id: 0x6a575318, L:/127.0.0.1:63345 - R:localhost/127.0.0.1:51205]
[DEBUG] Using pooled Channel '[id: 0x6a575318, L:/127.0.0.1:63345 - R:localhost/127.0.0.1:51205]' for 'POST' to 'http://localhost:51205/session/763cb86553595367fe2c9398e70e8e28/element'
[DEBUG] Using open Channel [id: 0x6a575318, L:/127.0.0.1:63345 - R:localhost/127.0.0.1:51205] for POST '/session/763cb86553595367fe2c9398e70e8e28/element'
[DEBUG] 

Request DefaultHttpRequest(decodeResult: success, version: HTTP/1.1)
POST /session/763cb86553595367fe2c9398e70e8e28/element HTTP/1.1
User-Agent: selenium/4.2.1 (java windows)
Content-Length: 61
Content-Type: application/json; charset=utf-8
host: localhost:51205
accept: */*

Response DefaultHttpResponse(decodeResult: success, version: HTTP/1.1)
HTTP/1.1 200 OK
Content-Type: application/json; charset=utf-8
cache-control: no-cache
content-length: 88

[DEBUG] Adding key: http://localhost:51205 for channel [id: 0x6a575318, L:/127.0.0.1:63345 - R:localhost/127.0.0.1:51205]
[DEBUG] Using pooled Channel '[id: 0x6a575318, L:/127.0.0.1:63345 - R:localhost/127.0.0.1:51205]' for 'POST' to 'http://localhost:51205/session/763cb86553595367fe2c9398e70e8e28/element/652126b5-1d53-4f23-a49d-433f3c96e974/value'
[DEBUG] Using open Channel [id: 0x6a575318, L:/127.0.0.1:63345 - R:localhost/127.0.0.1:51205] for POST '/session/763cb86553595367fe2c9398e70e8e28/element/652126b5-1d53-4f23-a49d-433f3c96e974/value'
[DEBUG] 

Request DefaultHttpRequest(decodeResult: success, version: HTTP/1.1)
POST /session/763cb86553595367fe2c9398e70e8e28/element/652126b5-1d53-4f23-a49d-433f3c96e974/value HTTP/1.1
User-Agent: selenium/4.2.1 (java windows)
Content-Length: 141
Content-Type: application/json; charset=utf-8
host: localhost:51205
accept: */*

Response DefaultHttpResponse(decodeResult: success, version: HTTP/1.1)
HTTP/1.1 200 OK
Content-Type: application/json; charset=utf-8
cache-control: no-cache
content-length: 14

[DEBUG] Adding key: http://localhost:51205 for channel [id: 0x6a575318, L:/127.0.0.1:63345 - R:localhost/127.0.0.1:51205]
[DEBUG] Using pooled Channel '[id: 0x6a575318, L:/127.0.0.1:63345 - R:localhost/127.0.0.1:51205]' for 'POST' to 'http://localhost:51205/session/763cb86553595367fe2c9398e70e8e28/element'
[DEBUG] Using open Channel [id: 0x6a575318, L:/127.0.0.1:63345 - R:localhost/127.0.0.1:51205] for POST '/session/763cb86553595367fe2c9398e70e8e28/element'
[DEBUG] 

Request DefaultHttpRequest(decodeResult: success, version: HTTP/1.1)
POST /session/763cb86553595367fe2c9398e70e8e28/element HTTP/1.1
User-Agent: selenium/4.2.1 (java windows)
Content-Length: 70
Content-Type: application/json; charset=utf-8
host: localhost:51205
accept: */*

Response DefaultHttpResponse(decodeResult: success, version: HTTP/1.1)
HTTP/1.1 200 OK
Content-Type: application/json; charset=utf-8
cache-control: no-cache
content-length: 88

[DEBUG] Adding key: http://localhost:51205 for channel [id: 0x6a575318, L:/127.0.0.1:63345 - R:localhost/127.0.0.1:51205]
[DEBUG] Using pooled Channel '[id: 0x6a575318, L:/127.0.0.1:63345 - R:localhost/127.0.0.1:51205]' for 'POST' to 'http://localhost:51205/session/763cb86553595367fe2c9398e70e8e28/element/d63fb697-3487-458d-8673-d6c1ecc0ffbc/click'
[DEBUG] Using open Channel [id: 0x6a575318, L:/127.0.0.1:63345 - R:localhost/127.0.0.1:51205] for POST '/session/763cb86553595367fe2c9398e70e8e28/element/d63fb697-3487-458d-8673-d6c1ecc0ffbc/click'
[DEBUG] 

Request DefaultHttpRequest(decodeResult: success, version: HTTP/1.1)
POST /session/763cb86553595367fe2c9398e70e8e28/element/d63fb697-3487-458d-8673-d6c1ecc0ffbc/click HTTP/1.1
User-Agent: selenium/4.2.1 (java windows)
Content-Length: 50
Content-Type: application/json; charset=utf-8
host: localhost:51205
accept: */*

Response DefaultHttpResponse(decodeResult: success, version: HTTP/1.1)
HTTP/1.1 200 OK
Content-Type: application/json; charset=utf-8
cache-control: no-cache
content-length: 14

[DEBUG] Adding key: http://localhost:51205 for channel [id: 0x6a575318, L:/127.0.0.1:63345 - R:localhost/127.0.0.1:51205]
[DEBUG] Using pooled Channel '[id: 0x6a575318, L:/127.0.0.1:63345 - R:localhost/127.0.0.1:51205]' for 'GET' to 'http://localhost:51205/session/763cb86553595367fe2c9398e70e8e28/title'
[DEBUG] Using open Channel [id: 0x6a575318, L:/127.0.0.1:63345 - R:localhost/127.0.0.1:51205] for GET '/session/763cb86553595367fe2c9398e70e8e28/title'
[DEBUG] 

Request DefaultFullHttpRequest(decodeResult: success, version: HTTP/1.1, content: EmptyByteBufBE)
GET /session/763cb86553595367fe2c9398e70e8e28/title HTTP/1.1
User-Agent: selenium/4.2.1 (java windows)
Cache-Control: no-cache
Content-Type: application/json; charset=utf-8
host: localhost:51205
accept: */*

Response DefaultHttpResponse(decodeResult: success, version: HTTP/1.1)
HTTP/1.1 200 OK
Content-Type: application/json; charset=utf-8
cache-control: no-cache
content-length: 22

[DEBUG] Adding key: http://localhost:51205 for channel [id: 0x6a575318, L:/127.0.0.1:63345 - R:localhost/127.0.0.1:51205]
[DEBUG] Using pooled Channel '[id: 0x6a575318, L:/127.0.0.1:63345 - R:localhost/127.0.0.1:51205]' for 'POST' to 'http://localhost:51205/session/763cb86553595367fe2c9398e70e8e28/element'
[DEBUG] Using open Channel [id: 0x6a575318, L:/127.0.0.1:63345 - R:localhost/127.0.0.1:51205] for POST '/session/763cb86553595367fe2c9398e70e8e28/element'
[DEBUG] 

Request DefaultHttpRequest(decodeResult: success, version: HTTP/1.1)
POST /session/763cb86553595367fe2c9398e70e8e28/element HTTP/1.1
User-Agent: selenium/4.2.1 (java windows)
Content-Length: 77
Content-Type: application/json; charset=utf-8
host: localhost:51205
accept: */*

Response DefaultHttpResponse(decodeResult: success, version: HTTP/1.1)
HTTP/1.1 200 OK
Content-Type: application/json; charset=utf-8
cache-control: no-cache
content-length: 88

[DEBUG] Adding key: http://localhost:51205 for channel [id: 0x6a575318, L:/127.0.0.1:63345 - R:localhost/127.0.0.1:51205]
[DEBUG] Using pooled Channel '[id: 0x6a575318, L:/127.0.0.1:63345 - R:localhost/127.0.0.1:51205]' for 'POST' to 'http://localhost:51205/session/763cb86553595367fe2c9398e70e8e28/element/c87b7c7c-aee8-4410-9914-d1ab13e102bd/value'
[DEBUG] Using open Channel [id: 0x6a575318, L:/127.0.0.1:63345 - R:localhost/127.0.0.1:51205] for POST '/session/763cb86553595367fe2c9398e70e8e28/element/c87b7c7c-aee8-4410-9914-d1ab13e102bd/value'
[DEBUG] 

Request DefaultHttpRequest(decodeResult: success, version: HTTP/1.1)
POST /session/763cb86553595367fe2c9398e70e8e28/element/c87b7c7c-aee8-4410-9914-d1ab13e102bd/value HTTP/1.1
User-Agent: selenium/4.2.1 (java windows)
Content-Length: 141
Content-Type: application/json; charset=utf-8
host: localhost:51205
accept: */*

Response DefaultHttpResponse(decodeResult: success, version: HTTP/1.1)
HTTP/1.1 200 OK
Content-Type: application/json; charset=utf-8
cache-control: no-cache
content-length: 14

[DEBUG] Adding key: http://localhost:51205 for channel [id: 0x6a575318, L:/127.0.0.1:63345 - R:localhost/127.0.0.1:51205]
[DEBUG] Using pooled Channel '[id: 0x6a575318, L:/127.0.0.1:63345 - R:localhost/127.0.0.1:51205]' for 'POST' to 'http://localhost:51205/session/763cb86553595367fe2c9398e70e8e28/element'
[DEBUG] Using open Channel [id: 0x6a575318, L:/127.0.0.1:63345 - R:localhost/127.0.0.1:51205] for POST '/session/763cb86553595367fe2c9398e70e8e28/element'
[DEBUG] Entry count for : http://localhost:63346 : 1
[DEBUG] Entry count for : http://localhost:63836 : 1
[DEBUG] Entry count for : http://localhost:63346 : 1
[DEBUG] Entry count for : http://localhost:63836 : 1
[DEBUG] Entry count for : http://localhost:63346 : 1
[DEBUG] Entry count for : http://localhost:63836 : 1
[DEBUG] Entry count for : http://localhost:63346 : 1
[DEBUG] Entry count for : http://localhost:63836 : 1
[DEBUG] Entry count for : http://localhost:63346 : 1
[DEBUG] Entry count for : http://localhost:63836 : 1
[DEBUG] Entry count for : http://localhost:63346 : 1
[DEBUG] Entry count for : http://localhost:63836 : 1
[DEBUG] Entry count for : http://localhost:63346 : 1
[DEBUG] Entry count for : http://localhost:63836 : 1
[DEBUG] Entry count for : http://localhost:63346 : 1
[DEBUG] Entry count for : http://localhost:63836 : 1
[DEBUG] Entry count for : http://localhost:63346 : 1
[DEBUG] Entry count for : http://localhost:63836 : 1
[DEBUG] 

Request DefaultHttpRequest(decodeResult: success, version: HTTP/1.1)
POST /session/763cb86553595367fe2c9398e70e8e28/element HTTP/1.1
User-Agent: selenium/4.2.1 (java windows)
Content-Length: 89
Content-Type: application/json; charset=utf-8
host: localhost:51205
accept: */*

Response DefaultHttpResponse(decodeResult: success, version: HTTP/1.1)
HTTP/1.1 404 Not Found
Content-Type: application/json; charset=utf-8
cache-control: no-cache
content-length: 958

[DEBUG] Adding key: http://localhost:51205 for channel [id: 0x6a575318, L:/127.0.0.1:63345 - R:localhost/127.0.0.1:51205]
[DEBUG] Using pooled Channel '[id: 0x6a575318, L:/127.0.0.1:63345 - R:localhost/127.0.0.1:51205]' for 'GET' to 'http://localhost:51205/session/763cb86553595367fe2c9398e70e8e28/screenshot'
[DEBUG] Using open Channel [id: 0x6a575318, L:/127.0.0.1:63345 - R:localhost/127.0.0.1:51205] for GET '/session/763cb86553595367fe2c9398e70e8e28/screenshot'
[DEBUG] Entry count for : http://localhost:63346 : 1
[DEBUG] Entry count for : http://localhost:63836 : 1
[DEBUG] 

Request DefaultFullHttpRequest(decodeResult: success, version: HTTP/1.1, content: EmptyByteBufBE)
GET /session/763cb86553595367fe2c9398e70e8e28/screenshot HTTP/1.1
User-Agent: selenium/4.2.1 (java windows)
Cache-Control: no-cache
Content-Type: application/json; charset=utf-8
host: localhost:51205
accept: */*

Response DefaultHttpResponse(decodeResult: success, version: HTTP/1.1)
HTTP/1.1 200 OK
Content-Type: application/json; charset=utf-8
cache-control: no-cache
content-length: 152312

[DEBUG] Adding key: http://localhost:51205 for channel [id: 0x6a575318, L:/127.0.0.1:63345 - R:localhost/127.0.0.1:51205]
]]></system-out>
    <system-err><![CDATA[Starting ChromeDriver 111.0.5563.64 (c710e93d5b63b7095afe8c2c17df34408078439d-refs/branch-heads/5563@{#995}) on port 51205
Only local connections are allowed.
Please see https://chromedriver.chromium.org/security-considerations for suggestions on keeping ChromeDriver safe.
ChromeDriver was started successfully.
Apr 01, 2023 9:30:50 PM org.openqa.selenium.remote.ProtocolHandshake createSession
INFO: Detected upstream dialect: W3C
Apr 01, 2023 9:30:50 PM org.openqa.selenium.devtools.CdpVersionFinder findNearestMatch
WARNING: Unable to find an exact match for CDP version 111, so returning the closest version found: a no-op implementation
Apr 01, 2023 9:30:50 PM org.openqa.selenium.devtools.CdpVersionFinder findNearestMatch
INFO: Unable to find CDP implementation matching 111.
Apr 01, 2023 9:30:50 PM org.openqa.selenium.chromium.ChromiumDriver lambda$new$3
WARNING: Unable to find version of CDP to use for . You may need to include a dependency on a specific version of the CDP using something similar to `org.seleniumhq.selenium:selenium-devtools-v86:4.2.1` where the version ("v86") matches the version of the chromium-based browser you're using and the version number of the artifact is the same as Selenium's.
]]></system-err>
  </testcase>
</testsuite>