<?xml version="1.0" encoding="UTF-8"?>
<testsuite xmlns:xsi="http://www.w3.org/2001/XMLSchema-instance" xsi:noNamespaceSchemaLocation="https://maven.apache.org/surefire/maven-surefire-plugin/xsd/surefire-test-report-3.0.xsd" version="3.0" name="CucumberRunner.TestRunner" time="64.47" tests="2" errors="0" skipped="0" failures="1">
  <properties>
[...]
</properties>
  <testcase name="runScenario[&quot;Successfully login with valid credentails&quot;, &quot;login&quot;](1)" classname="CucumberRunner.TestRunner" time="50.144">
    <system-out><![CDATA[[DEBUG] Removing resolution chrome=111 from cache (expired on Sat Apr 01 22:29:30 IST 2023)
[DEBUG] ex-0000000001 preparing request execution
[DEBUG] ex-0000000001 Cookie spec selected: strict
[DEBUG] ex-0000000001 Auth cache not set in the context
[DEBUG] ex-0000000001 target auth state: UNCHALLENGED
[DEBUG] ex-0000000001 proxy auth state: UNCHALLENGED
[DEBUG] ex-0000000001 acquiring connection with route {s}->https://raw.githubusercontent.com:443
[DEBUG] ex-0000000001 acquiring endpoint (3 MINUTES)
[DEBUG] ex-0000000001 endpoint lease request (3 MINUTES) [route: {s}->https://raw.githubusercontent.com:443][total available: 0; route allocated: 0 of 5; total allocated: 0 of 25]
[DEBUG] ex-0000000001 endpoint leased [route: {s}->https://raw.githubusercontent.com:443][total available: 0; route allocated: 1 of 5; total allocated: 1 of 25]
[DEBUG] ex-0000000001 acquired ep-0000000000
[DEBUG] ex-0000000001 acquired endpoint ep-0000000000
[DEBUG] ex-0000000001 opening connection {s}->https://raw.githubusercontent.com:443
[DEBUG] ep-0000000000 connecting endpoint (30 SECONDS)
[DEBUG] ep-0000000000 connecting endpoint to https://raw.githubusercontent.com:443 (30 SECONDS)
[DEBUG] http-outgoing-0 connecting to raw.githubusercontent.com/49.44.79.236:443
[DEBUG] Connecting socket to raw.githubusercontent.com/49.44.79.236:443 with timeout 30 SECONDS
[DEBUG] http-outgoing-0 connect to raw.githubusercontent.com/49.44.79.236:443 timed out. Connection will be retried using another IP address
[DEBUG] http-outgoing-0 connecting to raw.githubusercontent.com/[2405:200:1607:2820:41:0:0:36]:443
[DEBUG] Connecting socket to raw.githubusercontent.com/[2405:200:1607:2820:41:0:0:36]:443 with timeout 30 SECONDS
[DEBUG] http-outgoing-0 close connection IMMEDIATE
[DEBUG] ep-0000000000 endpoint closed
[DEBUG] ep-0000000000 discarding endpoint
[DEBUG] ep-0000000000 releasing endpoint
[DEBUG] ep-0000000000 connection is not kept alive
[DEBUG] ep-0000000000 connection released [route: {s}->https://raw.githubusercontent.com:443][total available: 0; route allocated: 0 of 5; total allocated: 0 of 25]
[WARN] Error reading commands.properties, using local instead
[DEBUG] Detecting chrome version using online commands.properties
[DEBUG] Running command on the shell: [cmd.exe, /C, wmic, datafile, where, name="%PROGRAMFILES:\=\\%\\Google\\Chrome\\Application\\chrome.exe", get, Version, /value]
[DEBUG] Result: Version=111.0.5563.147
[DEBUG] Removing resolution chrome111=111.0.5563.64 from cache (expired on Sat Apr 01 23:22:12 IST 2023)
[DEBUG] ex-0000000002 preparing request execution
[DEBUG] ex-0000000002 Cookie spec selected: strict
[DEBUG] ex-0000000002 Auth cache not set in the context
[DEBUG] ex-0000000002 target auth state: UNCHALLENGED
[DEBUG] ex-0000000002 proxy auth state: UNCHALLENGED
[DEBUG] ex-0000000002 acquiring connection with route {s}->https://chromedriver.storage.googleapis.com:443
[DEBUG] ex-0000000002 acquiring endpoint (3 MINUTES)
[DEBUG] ex-0000000002 endpoint lease request (3 MINUTES) [route: {s}->https://chromedriver.storage.googleapis.com:443][total available: 0; route allocated: 0 of 5; total allocated: 0 of 25]
[DEBUG] ex-0000000002 endpoint leased [route: {s}->https://chromedriver.storage.googleapis.com:443][total available: 0; route allocated: 1 of 5; total allocated: 1 of 25]
[DEBUG] ex-0000000002 acquired ep-0000000001
[DEBUG] ex-0000000002 acquired endpoint ep-0000000001
[DEBUG] ex-0000000002 opening connection {s}->https://chromedriver.storage.googleapis.com:443
[DEBUG] ep-0000000001 connecting endpoint (30 SECONDS)
[DEBUG] ep-0000000001 connecting endpoint to https://chromedriver.storage.googleapis.com:443 (30 SECONDS)
[DEBUG] http-outgoing-1 connecting to chromedriver.storage.googleapis.com/142.250.193.80:443
[DEBUG] Connecting socket to chromedriver.storage.googleapis.com/142.250.193.80:443 with timeout 30 SECONDS
[DEBUG] Enabled protocols: [TLSv1.3, TLSv1.2]
[DEBUG] Enabled cipher suites: [TLS_AES_256_GCM_SHA384, TLS_AES_128_GCM_SHA256, TLS_CHACHA20_POLY1305_SHA256, TLS_ECDHE_ECDSA_WITH_AES_256_GCM_SHA384, TLS_ECDHE_ECDSA_WITH_AES_128_GCM_SHA256, TLS_ECDHE_ECDSA_WITH_CHACHA20_POLY1305_SHA256, TLS_ECDHE_RSA_WITH_AES_256_GCM_SHA384, TLS_ECDHE_RSA_WITH_CHACHA20_POLY1305_SHA256, TLS_ECDHE_RSA_WITH_AES_128_GCM_SHA256, TLS_DHE_RSA_WITH_AES_256_GCM_SHA384, TLS_DHE_RSA_WITH_CHACHA20_POLY1305_SHA256, TLS_DHE_DSS_WITH_AES_256_GCM_SHA384, TLS_DHE_RSA_WITH_AES_128_GCM_SHA256, TLS_DHE_DSS_WITH_AES_128_GCM_SHA256, TLS_ECDHE_ECDSA_WITH_AES_256_CBC_SHA384, TLS_ECDHE_RSA_WITH_AES_256_CBC_SHA384, TLS_ECDHE_ECDSA_WITH_AES_128_CBC_SHA256, TLS_ECDHE_RSA_WITH_AES_128_CBC_SHA256, TLS_DHE_RSA_WITH_AES_256_CBC_SHA256, TLS_DHE_DSS_WITH_AES_256_CBC_SHA256, TLS_DHE_RSA_WITH_AES_128_CBC_SHA256, TLS_DHE_DSS_WITH_AES_128_CBC_SHA256, TLS_ECDH_ECDSA_WITH_AES_256_GCM_SHA384, TLS_ECDH_RSA_WITH_AES_256_GCM_SHA384, TLS_ECDH_ECDSA_WITH_AES_128_GCM_SHA256, TLS_ECDH_RSA_WITH_AES_128_GCM_SHA256, TLS_ECDH_ECDSA_WITH_AES_256_CBC_SHA384, TLS_ECDH_RSA_WITH_AES_256_CBC_SHA384, TLS_ECDH_ECDSA_WITH_AES_128_CBC_SHA256, TLS_ECDH_RSA_WITH_AES_128_CBC_SHA256, TLS_ECDHE_ECDSA_WITH_AES_256_CBC_SHA, TLS_ECDHE_RSA_WITH_AES_256_CBC_SHA, TLS_ECDHE_ECDSA_WITH_AES_128_CBC_SHA, TLS_ECDHE_RSA_WITH_AES_128_CBC_SHA, TLS_DHE_RSA_WITH_AES_256_CBC_SHA, TLS_DHE_DSS_WITH_AES_256_CBC_SHA, TLS_DHE_RSA_WITH_AES_128_CBC_SHA, TLS_DHE_DSS_WITH_AES_128_CBC_SHA, TLS_ECDH_ECDSA_WITH_AES_256_CBC_SHA, TLS_ECDH_RSA_WITH_AES_256_CBC_SHA, TLS_ECDH_ECDSA_WITH_AES_128_CBC_SHA, TLS_ECDH_RSA_WITH_AES_128_CBC_SHA, TLS_RSA_WITH_AES_256_GCM_SHA384, TLS_RSA_WITH_AES_128_GCM_SHA256, TLS_RSA_WITH_AES_256_CBC_SHA256, TLS_RSA_WITH_AES_128_CBC_SHA256, TLS_RSA_WITH_AES_256_CBC_SHA, TLS_RSA_WITH_AES_128_CBC_SHA, TLS_EMPTY_RENEGOTIATION_INFO_SCSV]
[DEBUG] Starting handshake
[DEBUG] Secure session established
[DEBUG]  negotiated protocol: TLSv1.3
[DEBUG]  negotiated cipher suite: TLS_AES_256_GCM_SHA384
[DEBUG]  peer principal: CN=*.storage.googleapis.com
[DEBUG]  peer alternative names: [*.storage.googleapis.com, *.googleapis.com, commondatastorage.googleapis.com, *.commondatastorage.googleapis.com, storage.googleapis.com, storage-p2.googleapis.com, *.storage-p2.googleapis.com, storage.mtls.googleapis.com, *.appspot.com.storage.googleapis.com, *.content-storage.googleapis.com, *.content-storage-p2.googleapis.com, *.content-storage-upload.googleapis.com, *.content-storage-download.googleapis.com, *.storage-upload.googleapis.com, *.storage-download.googleapis.com]
[DEBUG]  issuer principal: CN=GTS CA 1C3, O=Google Trust Services LLC, C=US
[DEBUG] http-outgoing-1 connection established 192.168.18.189:65239<->142.250.193.80:443
[DEBUG] ep-0000000001 connected http-outgoing-1
[DEBUG] ep-0000000001 endpoint connected
[DEBUG] ex-0000000002 executing GET /LATEST_RELEASE_111 HTTP/1.1
[DEBUG] ep-0000000001 start execution ex-0000000002
[DEBUG] ep-0000000001 executing exchange ex-0000000002 over http-outgoing-1
[DEBUG] http-outgoing-1 >> GET /LATEST_RELEASE_111 HTTP/1.1
[DEBUG] http-outgoing-1 >> user-agent: Apache-HttpClient/5.0
[DEBUG] http-outgoing-1 >> accept-encoding: gzip, deflate, br
[DEBUG] http-outgoing-1 >> cache-control: max-age=0
[DEBUG] http-outgoing-1 >> connection: keep-alive
[DEBUG] http-outgoing-1 >> Host: chromedriver.storage.googleapis.com
[DEBUG] http-outgoing-1 >> "GET /LATEST_RELEASE_111 HTTP/1.1[\r][\n]"
[DEBUG] http-outgoing-1 >> "user-agent: Apache-HttpClient/5.0[\r][\n]"
[DEBUG] http-outgoing-1 >> "accept-encoding: gzip, deflate, br[\r][\n]"
[DEBUG] http-outgoing-1 >> "cache-control: max-age=0[\r][\n]"
[DEBUG] http-outgoing-1 >> "connection: keep-alive[\r][\n]"
[DEBUG] http-outgoing-1 >> "Host: chromedriver.storage.googleapis.com[\r][\n]"
[DEBUG] http-outgoing-1 >> "[\r][\n]"
[DEBUG] http-outgoing-1 << "HTTP/1.1 200 OK[\r][\n]"
[DEBUG] http-outgoing-1 << "X-GUploader-UploadID: ADPycdvUQgtkZOKBtXW9OTOmicCdsS1kpRubVV481B_ZDw5e9gDIHw2pKJAicHnzqPQhiK1mH9TmuUjrjUPX01cCcSwdBQ[\r][\n]"
[DEBUG] http-outgoing-1 << "x-goog-generation: 1678255386269475[\r][\n]"
[DEBUG] http-outgoing-1 << "x-goog-metageneration: 1[\r][\n]"
[DEBUG] http-outgoing-1 << "x-goog-stored-content-encoding: identity[\r][\n]"
[DEBUG] http-outgoing-1 << "x-goog-stored-content-length: 13[\r][\n]"
[DEBUG] http-outgoing-1 << "x-goog-hash: crc32c=k0WDJA==[\r][\n]"
[DEBUG] http-outgoing-1 << "x-goog-hash: md5=tDQkaTDXTFsrUkgiJNlk6A==[\r][\n]"
[DEBUG] http-outgoing-1 << "x-goog-storage-class: STANDARD[\r][\n]"
[DEBUG] http-outgoing-1 << "Accept-Ranges: bytes[\r][\n]"
[DEBUG] http-outgoing-1 << "Content-Length: 13[\r][\n]"
[DEBUG] http-outgoing-1 << "Server: UploadServer[\r][\n]"
[DEBUG] http-outgoing-1 << "Date: Sat, 01 Apr 2023 17:22:04 GMT[\r][\n]"
[DEBUG] http-outgoing-1 << "Expires: Sat, 01 Apr 2023 18:22:04 GMT[\r][\n]"
[DEBUG] http-outgoing-1 << "Cache-Control: public, max-age=3600[\r][\n]"
[DEBUG] http-outgoing-1 << "Age: 2931[\r][\n]"
[DEBUG] http-outgoing-1 << "Last-Modified: Wed, 08 Mar 2023 06:03:06 GMT[\r][\n]"
[DEBUG] http-outgoing-1 << "ETag: "b434246930d74c5b2b52482224d964e8"[\r][\n]"
[DEBUG] http-outgoing-1 << "Content-Type: text/plain[\r][\n]"
[DEBUG] http-outgoing-1 << "Alt-Svc: h3=":443"; ma=2592000,h3-29=":443"; ma=2592000,h3-Q050=":443"; ma=2592000,h3-Q046=":443"; ma=2592000,h3-Q043=":443"; ma=2592000,quic=":443"; ma=2592000; v="46,43"[\r][\n]"
[DEBUG] http-outgoing-1 << "[\r][\n]"
[DEBUG] http-outgoing-1 << "111.0.5563.64"
[DEBUG] http-outgoing-1 << HTTP/1.1 200 OK
[DEBUG] http-outgoing-1 << X-GUploader-UploadID: ADPycdvUQgtkZOKBtXW9OTOmicCdsS1kpRubVV481B_ZDw5e9gDIHw2pKJAicHnzqPQhiK1mH9TmuUjrjUPX01cCcSwdBQ
[DEBUG] http-outgoing-1 << x-goog-generation: 1678255386269475
[DEBUG] http-outgoing-1 << x-goog-metageneration: 1
[DEBUG] http-outgoing-1 << x-goog-stored-content-encoding: identity
[DEBUG] http-outgoing-1 << x-goog-stored-content-length: 13
[DEBUG] http-outgoing-1 << x-goog-hash: crc32c=k0WDJA==
[DEBUG] http-outgoing-1 << x-goog-hash: md5=tDQkaTDXTFsrUkgiJNlk6A==
[DEBUG] http-outgoing-1 << x-goog-storage-class: STANDARD
[DEBUG] http-outgoing-1 << Accept-Ranges: bytes
[DEBUG] http-outgoing-1 << Content-Length: 13
[DEBUG] http-outgoing-1 << Server: UploadServer
[DEBUG] http-outgoing-1 << Date: Sat, 01 Apr 2023 17:22:04 GMT
[DEBUG] http-outgoing-1 << Expires: Sat, 01 Apr 2023 18:22:04 GMT
[DEBUG] http-outgoing-1 << Cache-Control: public, max-age=3600
[DEBUG] http-outgoing-1 << Age: 2931
[DEBUG] http-outgoing-1 << Last-Modified: Wed, 08 Mar 2023 06:03:06 GMT
[DEBUG] http-outgoing-1 << ETag: "b434246930d74c5b2b52482224d964e8"
[DEBUG] http-outgoing-1 << Content-Type: text/plain
[DEBUG] http-outgoing-1 << Alt-Svc: h3=":443"; ma=2592000,h3-29=":443"; ma=2592000,h3-Q050=":443"; ma=2592000,h3-Q046=":443"; ma=2592000,h3-Q043=":443"; ma=2592000,quic=":443"; ma=2592000; v="46,43"
[DEBUG] ex-0000000002 connection can be kept alive for 3 MINUTES
[DEBUG] ep-0000000001 releasing valid endpoint
[DEBUG] ep-0000000001 releasing endpoint
[DEBUG] ep-0000000001 connection http-outgoing-1 can be kept alive for 3 MINUTES
[DEBUG] ep-0000000001 connection released [route: {s}->https://chromedriver.storage.googleapis.com:443][total available: 1; route allocated: 1 of 5; total allocated: 1 of 25]
[DEBUG] Latest version of chromedriver according to https://chromedriver.storage.googleapis.com/LATEST_RELEASE_111 is 111.0.5563.64
[INFO] Using chromedriver 111.0.5563.64 (resolved driver for Chrome 111)
[DEBUG] Storing resolution chrome=111 in cache (valid until 00:40:55 02/04/2023 IST)
[DEBUG] Storing resolution chrome111=111.0.5563.64 in cache (valid until 23:40:55 02/04/2023 IST)
[DEBUG] Driver chromedriver 111.0.5563.64 found in cache
[INFO] Exporting webdriver.chrome.driver as C:\Users\SRITAMLINKAN\.cache\selenium\chromedriver\win32\111.0.5563.64\chromedriver.exe
[DEBUG] Using SLF4J as the default logging framework
[DEBUG] -Dio.netty.leakDetection.level: simple
[DEBUG] -Dio.netty.leakDetection.targetRecords: 4
[DEBUG] Loaded default ResourceLeakDetector: io.netty.util.ResourceLeakDetector@5afbd567
[DEBUG] -Dio.netty.noUnsafe: false
[DEBUG] Java version: 18
[DEBUG] sun.misc.Unsafe.theUnsafe: available
[DEBUG] sun.misc.Unsafe.copyMemory: available
[DEBUG] sun.misc.Unsafe.storeFence: available
[DEBUG] java.nio.Buffer.address: available
[DEBUG] direct buffer constructor: unavailable: Reflective setAccessible(true) disabled
[DEBUG] java.nio.Bits.unaligned: available, true
[DEBUG] jdk.internal.misc.Unsafe.allocateUninitializedArray(int): unavailable: class io.netty.util.internal.PlatformDependent0$7 cannot access class jdk.internal.misc.Unsafe (in module java.base) because module java.base does not export jdk.internal.misc to unnamed module @6b09bb57
[DEBUG] java.nio.DirectByteBuffer.<init>(long, int): unavailable
[DEBUG] sun.misc.Unsafe: available
[DEBUG] maxDirectMemory: 4253024256 bytes (maybe)
[DEBUG] -Dio.netty.tmpdir: C:\Users\SRITAM~1\AppData\Local\Temp (java.io.tmpdir)
[DEBUG] -Dio.netty.bitMode: 64 (sun.arch.data.model)
[DEBUG] Platform: Windows
[DEBUG] -Dio.netty.maxDirectMemory: -1 bytes
[DEBUG] -Dio.netty.uninitializedArrayAllocationThreshold: -1
[DEBUG] java.nio.ByteBuffer.cleaner(): available
[DEBUG] -Dio.netty.noPreferDirect: false
[DEBUG] org.jctools-core.MpscChunkedArrayQueue: available
[DEBUG] -Dio.netty.threadLocalMap.stringBuilder.initialSize: 1024
[DEBUG] -Dio.netty.threadLocalMap.stringBuilder.maxSize: 4096
[DEBUG] Default protocols (JDK): [TLSv1.3, TLSv1.2] 
[DEBUG] Default cipher suites (JDK): [TLS_ECDHE_ECDSA_WITH_AES_256_GCM_SHA384, TLS_ECDHE_ECDSA_WITH_AES_128_GCM_SHA256, TLS_ECDHE_RSA_WITH_AES_128_GCM_SHA256, TLS_ECDHE_RSA_WITH_AES_256_GCM_SHA384, TLS_ECDHE_RSA_WITH_AES_128_CBC_SHA, TLS_ECDHE_RSA_WITH_AES_256_CBC_SHA, TLS_RSA_WITH_AES_128_GCM_SHA256, TLS_RSA_WITH_AES_128_CBC_SHA, TLS_RSA_WITH_AES_256_CBC_SHA, TLS_AES_128_GCM_SHA256, TLS_AES_256_GCM_SHA384]
[DEBUG] -Dio.netty.eventLoopThreads: 16
[DEBUG] -Dio.netty.noKeySetOptimization: false
[DEBUG] -Dio.netty.selectorAutoRebuildThreshold: 512
[DEBUG] -Dio.netty.allocator.numHeapArenas: 16
[DEBUG] -Dio.netty.allocator.numDirectArenas: 16
[DEBUG] -Dio.netty.allocator.pageSize: 8192
[DEBUG] -Dio.netty.allocator.maxOrder: 9
[DEBUG] -Dio.netty.allocator.chunkSize: 4194304
[DEBUG] -Dio.netty.allocator.smallCacheSize: 256
[DEBUG] -Dio.netty.allocator.normalCacheSize: 64
[DEBUG] -Dio.netty.allocator.maxCachedBufferCapacity: 32768
[DEBUG] -Dio.netty.allocator.cacheTrimInterval: 8192
[DEBUG] -Dio.netty.allocator.cacheTrimIntervalMillis: 0
[DEBUG] -Dio.netty.allocator.useCacheForAllThreads: false
[DEBUG] -Dio.netty.allocator.maxCachedByteBuffersPerChunk: 1023
[DEBUG] -Dio.netty.allocator.type: pooled
[DEBUG] -Dio.netty.threadLocalDirectBufferSize: 0
[DEBUG] -Dio.netty.maxThreadLocalCharBufferSize: 16384
[DEBUG] -Dio.netty.processId: 3668 (auto-detected)
[DEBUG] -Djava.net.preferIPv4Stack: false
[DEBUG] -Djava.net.preferIPv6Addresses: false
[DEBUG] Loopback interface: lo (Software Loopback Interface 1, 127.0.0.1)
[DEBUG] Failed to get SOMAXCONN from sysctl and file \proc\sys\net\core\somaxconn. Default: 200
[DEBUG] -Dio.netty.machineId: 48:e7:da:ff:fe:10:6f:35 (auto-detected)
[DEBUG] -Dio.netty.buffer.checkAccessible: true
[DEBUG] -Dio.netty.buffer.checkBounds: true
[DEBUG] Loaded default ResourceLeakDetector: io.netty.util.ResourceLeakDetector@28e4b631
[DEBUG] Using new Channel '[id: 0xd90b18ba, L:/127.0.0.1:65277 - R:localhost/127.0.0.1:53099]' for 'POST' to '/session'
[DEBUG] -Dio.netty.recycler.maxCapacityPerThread: 4096
[DEBUG] -Dio.netty.recycler.ratio: 8
[DEBUG] -Dio.netty.recycler.chunkSize: 32
[DEBUG] -Dio.netty.recycler.blocking: false
[DEBUG] brotli4j not in the classpath; Brotli support will be unavailable.
[DEBUG] 

Request DefaultHttpRequest(decodeResult: success, version: HTTP/1.1)
POST /session HTTP/1.1
User-Agent: selenium/4.2.1 (java windows)
Content-Length: 439
Content-Type: application/json; charset=utf-8
host: localhost:53099
accept: */*

Response DefaultHttpResponse(decodeResult: success, version: HTTP/1.1)
HTTP/1.1 200 OK
Content-Type: application/json; charset=utf-8
cache-control: no-cache
content-length: 862

[DEBUG] Adding key: http://localhost:53099 for channel [id: 0xd90b18ba, L:/127.0.0.1:65277 - R:localhost/127.0.0.1:53099]
[DEBUG] Using new Channel '[id: 0x3bb921eb, L:/127.0.0.1:65285 - R:localhost/127.0.0.1:65278]' for 'GET' to '/json/version'
[DEBUG] 

Request DefaultFullHttpRequest(decodeResult: success, version: HTTP/1.1, content: EmptyByteBufBE)
GET /json/version HTTP/1.1
User-Agent: selenium/4.2.1 (java windows)
host: localhost:65278
accept: */*

Response DefaultHttpResponse(decodeResult: success, version: HTTP/1.1)
HTTP/1.1 200 OK
Content-Security-Policy: frame-ancestors 'none'
Content-Type: application/json; charset=UTF-8
content-length: 423

[DEBUG] Adding key: http://localhost:65278 for channel [id: 0x3bb921eb, L:/127.0.0.1:65285 - R:localhost/127.0.0.1:65278]
[DEBUG] -Dio.netty.initialSeedUniquifier: 0xd02230d2cbbe8615
[DEBUG] Using new Channel '[id: 0xa89b016f, L:/127.0.0.1:65286 - R:localhost/127.0.0.1:65278]' for 'GET' to '/devtools/browser/1cde94bf-9a10-48e2-b57a-b30ee592ce6c'
[DEBUG] 

Request DefaultFullHttpRequest(decodeResult: success, version: HTTP/1.1, content: EmptyByteBufBE)
GET /devtools/browser/1cde94bf-9a10-48e2-b57a-b30ee592ce6c HTTP/1.1
upgrade: websocket
connection: upgrade
sec-websocket-key: sp/E3BZorEV+qL4aOCqk2w==
sec-websocket-version: 13
origin: http://localhost:65278
host: localhost:65278
accept: */*
user-agent: AHC/2.1

Response DefaultHttpResponse(decodeResult: success, version: HTTP/1.1)
HTTP/1.1 101 WebSocket Protocol Handshake
Upgrade: WebSocket
Connection: Upgrade
Sec-WebSocket-Accept: Ko8VDAsVZgv0yP/Odr0D+D9wQp4=

[DEBUG] Using pooled Channel '[id: 0xd90b18ba, L:/127.0.0.1:65277 - R:localhost/127.0.0.1:53099]' for 'POST' to 'http://localhost:53099/session/b1c20496f146da6ff0e5ffc0281cca96/window/maximize'
[DEBUG] Using open Channel [id: 0xd90b18ba, L:/127.0.0.1:65277 - R:localhost/127.0.0.1:53099] for POST '/session/b1c20496f146da6ff0e5ffc0281cca96/window/maximize'
[DEBUG] 

Request DefaultHttpRequest(decodeResult: success, version: HTTP/1.1)
POST /session/b1c20496f146da6ff0e5ffc0281cca96/window/maximize HTTP/1.1
User-Agent: selenium/4.2.1 (java windows)
Content-Length: 3
Content-Type: application/json; charset=utf-8
host: localhost:53099
accept: */*

Response DefaultHttpResponse(decodeResult: success, version: HTTP/1.1)
HTTP/1.1 200 OK
Content-Type: application/json; charset=utf-8
cache-control: no-cache
content-length: 51

[DEBUG] Adding key: http://localhost:53099 for channel [id: 0xd90b18ba, L:/127.0.0.1:65277 - R:localhost/127.0.0.1:53099]
[DEBUG] Using pooled Channel '[id: 0xd90b18ba, L:/127.0.0.1:65277 - R:localhost/127.0.0.1:53099]' for 'POST' to 'http://localhost:53099/session/b1c20496f146da6ff0e5ffc0281cca96/timeouts'
[DEBUG] Using open Channel [id: 0xd90b18ba, L:/127.0.0.1:65277 - R:localhost/127.0.0.1:53099] for POST '/session/b1c20496f146da6ff0e5ffc0281cca96/timeouts'
[DEBUG] 

Request DefaultHttpRequest(decodeResult: success, version: HTTP/1.1)
POST /session/b1c20496f146da6ff0e5ffc0281cca96/timeouts HTTP/1.1
User-Agent: selenium/4.2.1 (java windows)
Content-Length: 23
Content-Type: application/json; charset=utf-8
host: localhost:53099
accept: */*

Response DefaultHttpResponse(decodeResult: success, version: HTTP/1.1)
HTTP/1.1 200 OK
Content-Type: application/json; charset=utf-8
cache-control: no-cache
content-length: 14

[DEBUG] Adding key: http://localhost:53099 for channel [id: 0xd90b18ba, L:/127.0.0.1:65277 - R:localhost/127.0.0.1:53099]
[DEBUG] Using pooled Channel '[id: 0xd90b18ba, L:/127.0.0.1:65277 - R:localhost/127.0.0.1:53099]' for 'POST' to 'http://localhost:53099/session/b1c20496f146da6ff0e5ffc0281cca96/url'
[DEBUG] Using open Channel [id: 0xd90b18ba, L:/127.0.0.1:65277 - R:localhost/127.0.0.1:53099] for POST '/session/b1c20496f146da6ff0e5ffc0281cca96/url'
[DEBUG] Entry count for : http://localhost:65278 : 1
[DEBUG] 

Request DefaultHttpRequest(decodeResult: success, version: HTTP/1.1)
POST /session/b1c20496f146da6ff0e5ffc0281cca96/url HTTP/1.1
User-Agent: selenium/4.2.1 (java windows)
Content-Length: 100
Content-Type: application/json; charset=utf-8
host: localhost:53099
accept: */*

Response DefaultHttpResponse(decodeResult: success, version: HTTP/1.1)
HTTP/1.1 200 OK
Content-Type: application/json; charset=utf-8
cache-control: no-cache
content-length: 14

[DEBUG] Adding key: http://localhost:53099 for channel [id: 0xd90b18ba, L:/127.0.0.1:65277 - R:localhost/127.0.0.1:53099]
[DEBUG] Using pooled Channel '[id: 0xd90b18ba, L:/127.0.0.1:65277 - R:localhost/127.0.0.1:53099]' for 'POST' to 'http://localhost:53099/session/b1c20496f146da6ff0e5ffc0281cca96/element'
[DEBUG] Using open Channel [id: 0xd90b18ba, L:/127.0.0.1:65277 - R:localhost/127.0.0.1:53099] for POST '/session/b1c20496f146da6ff0e5ffc0281cca96/element'
[DEBUG] 

Request DefaultHttpRequest(decodeResult: success, version: HTTP/1.1)
POST /session/b1c20496f146da6ff0e5ffc0281cca96/element HTTP/1.1
User-Agent: selenium/4.2.1 (java windows)
Content-Length: 58
Content-Type: application/json; charset=utf-8
host: localhost:53099
accept: */*

Response DefaultHttpResponse(decodeResult: success, version: HTTP/1.1)
HTTP/1.1 200 OK
Content-Type: application/json; charset=utf-8
cache-control: no-cache
content-length: 88

[DEBUG] Adding key: http://localhost:53099 for channel [id: 0xd90b18ba, L:/127.0.0.1:65277 - R:localhost/127.0.0.1:53099]
[DEBUG] Using pooled Channel '[id: 0xd90b18ba, L:/127.0.0.1:65277 - R:localhost/127.0.0.1:53099]' for 'POST' to 'http://localhost:53099/session/b1c20496f146da6ff0e5ffc0281cca96/element/28e6519f-5278-4c1a-bda8-9067a2e4754d/clear'
[DEBUG] Using open Channel [id: 0xd90b18ba, L:/127.0.0.1:65277 - R:localhost/127.0.0.1:53099] for POST '/session/b1c20496f146da6ff0e5ffc0281cca96/element/28e6519f-5278-4c1a-bda8-9067a2e4754d/clear'
[DEBUG] 

Request DefaultHttpRequest(decodeResult: success, version: HTTP/1.1)
POST /session/b1c20496f146da6ff0e5ffc0281cca96/element/28e6519f-5278-4c1a-bda8-9067a2e4754d/clear HTTP/1.1
User-Agent: selenium/4.2.1 (java windows)
Content-Length: 50
Content-Type: application/json; charset=utf-8
host: localhost:53099
accept: */*

Response DefaultHttpResponse(decodeResult: success, version: HTTP/1.1)
HTTP/1.1 200 OK
Content-Type: application/json; charset=utf-8
cache-control: no-cache
content-length: 14

[DEBUG] Adding key: http://localhost:53099 for channel [id: 0xd90b18ba, L:/127.0.0.1:65277 - R:localhost/127.0.0.1:53099]
[DEBUG] Using pooled Channel '[id: 0xd90b18ba, L:/127.0.0.1:65277 - R:localhost/127.0.0.1:53099]' for 'POST' to 'http://localhost:53099/session/b1c20496f146da6ff0e5ffc0281cca96/element'
[DEBUG] Using open Channel [id: 0xd90b18ba, L:/127.0.0.1:65277 - R:localhost/127.0.0.1:53099] for POST '/session/b1c20496f146da6ff0e5ffc0281cca96/element'
[DEBUG] 

Request DefaultHttpRequest(decodeResult: success, version: HTTP/1.1)
POST /session/b1c20496f146da6ff0e5ffc0281cca96/element HTTP/1.1
User-Agent: selenium/4.2.1 (java windows)
Content-Length: 58
Content-Type: application/json; charset=utf-8
host: localhost:53099
accept: */*

Response DefaultHttpResponse(decodeResult: success, version: HTTP/1.1)
HTTP/1.1 200 OK
Content-Type: application/json; charset=utf-8
cache-control: no-cache
content-length: 88

[DEBUG] Adding key: http://localhost:53099 for channel [id: 0xd90b18ba, L:/127.0.0.1:65277 - R:localhost/127.0.0.1:53099]
[DEBUG] Using pooled Channel '[id: 0xd90b18ba, L:/127.0.0.1:65277 - R:localhost/127.0.0.1:53099]' for 'POST' to 'http://localhost:53099/session/b1c20496f146da6ff0e5ffc0281cca96/element/28e6519f-5278-4c1a-bda8-9067a2e4754d/value'
[DEBUG] Using open Channel [id: 0xd90b18ba, L:/127.0.0.1:65277 - R:localhost/127.0.0.1:53099] for POST '/session/b1c20496f146da6ff0e5ffc0281cca96/element/28e6519f-5278-4c1a-bda8-9067a2e4754d/value'
[DEBUG] Entry count for : http://localhost:65278 : 1
[DEBUG] 

Request DefaultHttpRequest(decodeResult: success, version: HTTP/1.1)
POST /session/b1c20496f146da6ff0e5ffc0281cca96/element/28e6519f-5278-4c1a-bda8-9067a2e4754d/value HTTP/1.1
User-Agent: selenium/4.2.1 (java windows)
Content-Length: 241
Content-Type: application/json; charset=utf-8
host: localhost:53099
accept: */*

Response DefaultHttpResponse(decodeResult: success, version: HTTP/1.1)
HTTP/1.1 200 OK
Content-Type: application/json; charset=utf-8
cache-control: no-cache
content-length: 14

[DEBUG] Adding key: http://localhost:53099 for channel [id: 0xd90b18ba, L:/127.0.0.1:65277 - R:localhost/127.0.0.1:53099]
[DEBUG] Using pooled Channel '[id: 0xd90b18ba, L:/127.0.0.1:65277 - R:localhost/127.0.0.1:53099]' for 'POST' to 'http://localhost:53099/session/b1c20496f146da6ff0e5ffc0281cca96/element'
[DEBUG] Using open Channel [id: 0xd90b18ba, L:/127.0.0.1:65277 - R:localhost/127.0.0.1:53099] for POST '/session/b1c20496f146da6ff0e5ffc0281cca96/element'
[DEBUG] 

Request DefaultHttpRequest(decodeResult: success, version: HTTP/1.1)
POST /session/b1c20496f146da6ff0e5ffc0281cca96/element HTTP/1.1
User-Agent: selenium/4.2.1 (java windows)
Content-Length: 61
Content-Type: application/json; charset=utf-8
host: localhost:53099
accept: */*

Response DefaultHttpResponse(decodeResult: success, version: HTTP/1.1)
HTTP/1.1 200 OK
Content-Type: application/json; charset=utf-8
cache-control: no-cache
content-length: 88

[DEBUG] Adding key: http://localhost:53099 for channel [id: 0xd90b18ba, L:/127.0.0.1:65277 - R:localhost/127.0.0.1:53099]
[DEBUG] Using pooled Channel '[id: 0xd90b18ba, L:/127.0.0.1:65277 - R:localhost/127.0.0.1:53099]' for 'POST' to 'http://localhost:53099/session/b1c20496f146da6ff0e5ffc0281cca96/element/f4823c1b-8679-49af-bd0e-3c9d48f2d814/clear'
[DEBUG] Using open Channel [id: 0xd90b18ba, L:/127.0.0.1:65277 - R:localhost/127.0.0.1:53099] for POST '/session/b1c20496f146da6ff0e5ffc0281cca96/element/f4823c1b-8679-49af-bd0e-3c9d48f2d814/clear'
[DEBUG] 

Request DefaultHttpRequest(decodeResult: success, version: HTTP/1.1)
POST /session/b1c20496f146da6ff0e5ffc0281cca96/element/f4823c1b-8679-49af-bd0e-3c9d48f2d814/clear HTTP/1.1
User-Agent: selenium/4.2.1 (java windows)
Content-Length: 50
Content-Type: application/json; charset=utf-8
host: localhost:53099
accept: */*

Response DefaultHttpResponse(decodeResult: success, version: HTTP/1.1)
HTTP/1.1 200 OK
Content-Type: application/json; charset=utf-8
cache-control: no-cache
content-length: 14

[DEBUG] Adding key: http://localhost:53099 for channel [id: 0xd90b18ba, L:/127.0.0.1:65277 - R:localhost/127.0.0.1:53099]
[DEBUG] Using pooled Channel '[id: 0xd90b18ba, L:/127.0.0.1:65277 - R:localhost/127.0.0.1:53099]' for 'POST' to 'http://localhost:53099/session/b1c20496f146da6ff0e5ffc0281cca96/element'
[DEBUG] Using open Channel [id: 0xd90b18ba, L:/127.0.0.1:65277 - R:localhost/127.0.0.1:53099] for POST '/session/b1c20496f146da6ff0e5ffc0281cca96/element'
[DEBUG] 

Request DefaultHttpRequest(decodeResult: success, version: HTTP/1.1)
POST /session/b1c20496f146da6ff0e5ffc0281cca96/element HTTP/1.1
User-Agent: selenium/4.2.1 (java windows)
Content-Length: 61
Content-Type: application/json; charset=utf-8
host: localhost:53099
accept: */*

Response DefaultHttpResponse(decodeResult: success, version: HTTP/1.1)
HTTP/1.1 200 OK
Content-Type: application/json; charset=utf-8
cache-control: no-cache
content-length: 88

[DEBUG] Adding key: http://localhost:53099 for channel [id: 0xd90b18ba, L:/127.0.0.1:65277 - R:localhost/127.0.0.1:53099]
[DEBUG] Using pooled Channel '[id: 0xd90b18ba, L:/127.0.0.1:65277 - R:localhost/127.0.0.1:53099]' for 'POST' to 'http://localhost:53099/session/b1c20496f146da6ff0e5ffc0281cca96/element/f4823c1b-8679-49af-bd0e-3c9d48f2d814/value'
[DEBUG] Using open Channel [id: 0xd90b18ba, L:/127.0.0.1:65277 - R:localhost/127.0.0.1:53099] for POST '/session/b1c20496f146da6ff0e5ffc0281cca96/element/f4823c1b-8679-49af-bd0e-3c9d48f2d814/value'
[DEBUG] 

Request DefaultHttpRequest(decodeResult: success, version: HTTP/1.1)
POST /session/b1c20496f146da6ff0e5ffc0281cca96/element/f4823c1b-8679-49af-bd0e-3c9d48f2d814/value HTTP/1.1
User-Agent: selenium/4.2.1 (java windows)
Content-Length: 141
Content-Type: application/json; charset=utf-8
host: localhost:53099
accept: */*

Response DefaultHttpResponse(decodeResult: success, version: HTTP/1.1)
HTTP/1.1 200 OK
Content-Type: application/json; charset=utf-8
cache-control: no-cache
content-length: 14

[DEBUG] Adding key: http://localhost:53099 for channel [id: 0xd90b18ba, L:/127.0.0.1:65277 - R:localhost/127.0.0.1:53099]
[DEBUG] Using pooled Channel '[id: 0xd90b18ba, L:/127.0.0.1:65277 - R:localhost/127.0.0.1:53099]' for 'POST' to 'http://localhost:53099/session/b1c20496f146da6ff0e5ffc0281cca96/element'
[DEBUG] Using open Channel [id: 0xd90b18ba, L:/127.0.0.1:65277 - R:localhost/127.0.0.1:53099] for POST '/session/b1c20496f146da6ff0e5ffc0281cca96/element'
[DEBUG] 

Request DefaultHttpRequest(decodeResult: success, version: HTTP/1.1)
POST /session/b1c20496f146da6ff0e5ffc0281cca96/element HTTP/1.1
User-Agent: selenium/4.2.1 (java windows)
Content-Length: 70
Content-Type: application/json; charset=utf-8
host: localhost:53099
accept: */*

Response DefaultHttpResponse(decodeResult: success, version: HTTP/1.1)
HTTP/1.1 200 OK
Content-Type: application/json; charset=utf-8
cache-control: no-cache
content-length: 88

[DEBUG] Adding key: http://localhost:53099 for channel [id: 0xd90b18ba, L:/127.0.0.1:65277 - R:localhost/127.0.0.1:53099]
[DEBUG] Using pooled Channel '[id: 0xd90b18ba, L:/127.0.0.1:65277 - R:localhost/127.0.0.1:53099]' for 'POST' to 'http://localhost:53099/session/b1c20496f146da6ff0e5ffc0281cca96/element/ad815fb8-4874-42dc-abee-0705e883e35a/click'
[DEBUG] Using open Channel [id: 0xd90b18ba, L:/127.0.0.1:65277 - R:localhost/127.0.0.1:53099] for POST '/session/b1c20496f146da6ff0e5ffc0281cca96/element/ad815fb8-4874-42dc-abee-0705e883e35a/click'
[DEBUG] 

Request DefaultHttpRequest(decodeResult: success, version: HTTP/1.1)
POST /session/b1c20496f146da6ff0e5ffc0281cca96/element/ad815fb8-4874-42dc-abee-0705e883e35a/click HTTP/1.1
User-Agent: selenium/4.2.1 (java windows)
Content-Length: 50
Content-Type: application/json; charset=utf-8
host: localhost:53099
accept: */*

Response DefaultHttpResponse(decodeResult: success, version: HTTP/1.1)
HTTP/1.1 200 OK
Content-Type: application/json; charset=utf-8
cache-control: no-cache
content-length: 14

[DEBUG] Adding key: http://localhost:53099 for channel [id: 0xd90b18ba, L:/127.0.0.1:65277 - R:localhost/127.0.0.1:53099]
[DEBUG] Using pooled Channel '[id: 0xd90b18ba, L:/127.0.0.1:65277 - R:localhost/127.0.0.1:53099]' for 'GET' to 'http://localhost:53099/session/b1c20496f146da6ff0e5ffc0281cca96/title'
[DEBUG] Using open Channel [id: 0xd90b18ba, L:/127.0.0.1:65277 - R:localhost/127.0.0.1:53099] for GET '/session/b1c20496f146da6ff0e5ffc0281cca96/title'
[DEBUG] 

Request DefaultFullHttpRequest(decodeResult: success, version: HTTP/1.1, content: EmptyByteBufBE)
GET /session/b1c20496f146da6ff0e5ffc0281cca96/title HTTP/1.1
User-Agent: selenium/4.2.1 (java windows)
Cache-Control: no-cache
Content-Type: application/json; charset=utf-8
host: localhost:53099
accept: */*

Response DefaultHttpResponse(decodeResult: success, version: HTTP/1.1)
HTTP/1.1 200 OK
Content-Type: application/json; charset=utf-8
cache-control: no-cache
content-length: 22

[DEBUG] Adding key: http://localhost:53099 for channel [id: 0xd90b18ba, L:/127.0.0.1:65277 - R:localhost/127.0.0.1:53099]
[DEBUG] Using pooled Channel '[id: 0xd90b18ba, L:/127.0.0.1:65277 - R:localhost/127.0.0.1:53099]' for 'POST' to 'http://localhost:53099/session/b1c20496f146da6ff0e5ffc0281cca96/element'
[DEBUG] Using open Channel [id: 0xd90b18ba, L:/127.0.0.1:65277 - R:localhost/127.0.0.1:53099] for POST '/session/b1c20496f146da6ff0e5ffc0281cca96/element'
[DEBUG] 

Request DefaultHttpRequest(decodeResult: success, version: HTTP/1.1)
POST /session/b1c20496f146da6ff0e5ffc0281cca96/element HTTP/1.1
User-Agent: selenium/4.2.1 (java windows)
Content-Length: 47
Content-Type: application/json; charset=utf-8
host: localhost:53099
accept: */*

Response DefaultHttpResponse(decodeResult: success, version: HTTP/1.1)
HTTP/1.1 200 OK
Content-Type: application/json; charset=utf-8
cache-control: no-cache
content-length: 88

[DEBUG] Adding key: http://localhost:53099 for channel [id: 0xd90b18ba, L:/127.0.0.1:65277 - R:localhost/127.0.0.1:53099]
[DEBUG] Using pooled Channel '[id: 0xd90b18ba, L:/127.0.0.1:65277 - R:localhost/127.0.0.1:53099]' for 'POST' to 'http://localhost:53099/session/b1c20496f146da6ff0e5ffc0281cca96/element/791d6839-1391-4d6f-b941-8cde344d9a1c/click'
[DEBUG] Using open Channel [id: 0xd90b18ba, L:/127.0.0.1:65277 - R:localhost/127.0.0.1:53099] for POST '/session/b1c20496f146da6ff0e5ffc0281cca96/element/791d6839-1391-4d6f-b941-8cde344d9a1c/click'
[DEBUG] Entry count for : http://localhost:65278 : 1
[DEBUG] 

Request DefaultHttpRequest(decodeResult: success, version: HTTP/1.1)
POST /session/b1c20496f146da6ff0e5ffc0281cca96/element/791d6839-1391-4d6f-b941-8cde344d9a1c/click HTTP/1.1
User-Agent: selenium/4.2.1 (java windows)
Content-Length: 50
Content-Type: application/json; charset=utf-8
host: localhost:53099
accept: */*

Response DefaultHttpResponse(decodeResult: success, version: HTTP/1.1)
HTTP/1.1 200 OK
Content-Type: application/json; charset=utf-8
cache-control: no-cache
content-length: 14

[DEBUG] Adding key: http://localhost:53099 for channel [id: 0xd90b18ba, L:/127.0.0.1:65277 - R:localhost/127.0.0.1:53099]
[DEBUG] Using pooled Channel '[id: 0xd90b18ba, L:/127.0.0.1:65277 - R:localhost/127.0.0.1:53099]' for 'GET' to 'http://localhost:53099/session/b1c20496f146da6ff0e5ffc0281cca96/title'
[DEBUG] Using open Channel [id: 0xd90b18ba, L:/127.0.0.1:65277 - R:localhost/127.0.0.1:53099] for GET '/session/b1c20496f146da6ff0e5ffc0281cca96/title'
[DEBUG] 

Request DefaultFullHttpRequest(decodeResult: success, version: HTTP/1.1, content: EmptyByteBufBE)
GET /session/b1c20496f146da6ff0e5ffc0281cca96/title HTTP/1.1
User-Agent: selenium/4.2.1 (java windows)
Cache-Control: no-cache
Content-Type: application/json; charset=utf-8
host: localhost:53099
accept: */*

Response DefaultHttpResponse(decodeResult: success, version: HTTP/1.1)
HTTP/1.1 200 OK
Content-Type: application/json; charset=utf-8
cache-control: no-cache
content-length: 26

[DEBUG] Adding key: http://localhost:53099 for channel [id: 0xd90b18ba, L:/127.0.0.1:65277 - R:localhost/127.0.0.1:53099]
[DEBUG] Using pooled Channel '[id: 0xd90b18ba, L:/127.0.0.1:65277 - R:localhost/127.0.0.1:53099]' for 'DELETE' to 'http://localhost:53099/session/b1c20496f146da6ff0e5ffc0281cca96/window'
[DEBUG] Using open Channel [id: 0xd90b18ba, L:/127.0.0.1:65277 - R:localhost/127.0.0.1:53099] for DELETE '/session/b1c20496f146da6ff0e5ffc0281cca96/window'
[DEBUG] Unexpected I/O exception on channel [id: 0x3bb921eb, L:/127.0.0.1:65285 - R:localhost/127.0.0.1:65278]
java.net.SocketException: Connection reset
	at java.base/sun.nio.ch.SocketChannelImpl.throwConnectionReset(SocketChannelImpl.java:394) ~[na:na]
	at java.base/sun.nio.ch.SocketChannelImpl.read(SocketChannelImpl.java:426) ~[na:na]
	at io.netty.buffer.PooledByteBuf.setBytes(PooledByteBuf.java:258) ~[netty-buffer-4.1.77.Final.jar:4.1.77.Final]
	at io.netty.buffer.AbstractByteBuf.writeBytes(AbstractByteBuf.java:1132) ~[netty-buffer-4.1.77.Final.jar:4.1.77.Final]
	at io.netty.channel.socket.nio.NioSocketChannel.doReadBytes(NioSocketChannel.java:357) ~[netty-transport-4.1.77.Final.jar:4.1.77.Final]
	at io.netty.channel.nio.AbstractNioByteChannel$NioByteUnsafe.read(AbstractNioByteChannel.java:151) ~[netty-transport-4.1.77.Final.jar:4.1.77.Final]
	at io.netty.channel.nio.NioEventLoop.processSelectedKey(NioEventLoop.java:722) ~[netty-transport-4.1.77.Final.jar:4.1.77.Final]
	at io.netty.channel.nio.NioEventLoop.processSelectedKeysOptimized(NioEventLoop.java:658) ~[netty-transport-4.1.77.Final.jar:4.1.77.Final]
	at io.netty.channel.nio.NioEventLoop.processSelectedKeys(NioEventLoop.java:584) ~[netty-transport-4.1.77.Final.jar:4.1.77.Final]
	at io.netty.channel.nio.NioEventLoop.run(NioEventLoop.java:496) ~[netty-transport-4.1.77.Final.jar:4.1.77.Final]
	at io.netty.util.concurrent.SingleThreadEventExecutor$4.run(SingleThreadEventExecutor.java:995) ~[netty-common-4.1.77.Final.jar:4.1.77.Final]
	at io.netty.util.internal.ThreadExecutorMap$2.run(ThreadExecutorMap.java:74) ~[netty-common-4.1.77.Final.jar:4.1.77.Final]
	at io.netty.util.concurrent.FastThreadLocalRunnable.run(FastThreadLocalRunnable.java:30) ~[netty-common-4.1.77.Final.jar:4.1.77.Final]
	at java.base/java.lang.Thread.run(Thread.java:833) ~[na:na]
[DEBUG] Unexpected I/O exception on channel [id: 0xa89b016f, L:/127.0.0.1:65286 - R:localhost/127.0.0.1:65278]
java.net.SocketException: Connection reset
	at java.base/sun.nio.ch.SocketChannelImpl.throwConnectionReset(SocketChannelImpl.java:394) ~[na:na]
	at java.base/sun.nio.ch.SocketChannelImpl.read(SocketChannelImpl.java:426) ~[na:na]
	at io.netty.buffer.PooledByteBuf.setBytes(PooledByteBuf.java:258) ~[netty-buffer-4.1.77.Final.jar:4.1.77.Final]
	at io.netty.buffer.AbstractByteBuf.writeBytes(AbstractByteBuf.java:1132) ~[netty-buffer-4.1.77.Final.jar:4.1.77.Final]
	at io.netty.channel.socket.nio.NioSocketChannel.doReadBytes(NioSocketChannel.java:357) ~[netty-transport-4.1.77.Final.jar:4.1.77.Final]
	at io.netty.channel.nio.AbstractNioByteChannel$NioByteUnsafe.read(AbstractNioByteChannel.java:151) ~[netty-transport-4.1.77.Final.jar:4.1.77.Final]
	at io.netty.channel.nio.NioEventLoop.processSelectedKey(NioEventLoop.java:722) ~[netty-transport-4.1.77.Final.jar:4.1.77.Final]
	at io.netty.channel.nio.NioEventLoop.processSelectedKeysOptimized(NioEventLoop.java:658) ~[netty-transport-4.1.77.Final.jar:4.1.77.Final]
	at io.netty.channel.nio.NioEventLoop.processSelectedKeys(NioEventLoop.java:584) ~[netty-transport-4.1.77.Final.jar:4.1.77.Final]
	at io.netty.channel.nio.NioEventLoop.run(NioEventLoop.java:496) ~[netty-transport-4.1.77.Final.jar:4.1.77.Final]
	at io.netty.util.concurrent.SingleThreadEventExecutor$4.run(SingleThreadEventExecutor.java:995) ~[netty-common-4.1.77.Final.jar:4.1.77.Final]
	at io.netty.util.internal.ThreadExecutorMap$2.run(ThreadExecutorMap.java:74) ~[netty-common-4.1.77.Final.jar:4.1.77.Final]
	at io.netty.util.concurrent.FastThreadLocalRunnable.run(FastThreadLocalRunnable.java:30) ~[netty-common-4.1.77.Final.jar:4.1.77.Final]
	at java.base/java.lang.Thread.run(Thread.java:833) ~[na:na]
[DEBUG] Closing Channel [id: 0x3bb921eb, L:/127.0.0.1:65285 - R:localhost/127.0.0.1:65278] 
[DEBUG] Was unable to recover Future: NettyResponseFuture{currentRetry=0,
	isDone=1,
	isCancelled=0,
	asyncHandler=org.asynchttpclient.ws.WebSocketUpgradeHandler@614627bd,
	nettyRequest=org.asynchttpclient.netty.request.NettyRequest@1269a7b4,
	future=java.util.concurrent.CompletableFuture@6ed4c8a9[Completed normally],
	uri=ws://localhost:65278/devtools/browser/1cde94bf-9a10-48e2-b57a-b30ee592ce6c,
	keepAlive=true,
	redirectCount=0,
	timeoutsHolder=null,
	inAuth=0,
	touch=1680372660414}
[DEBUG] Closing Channel [id: 0xa89b016f, L:/127.0.0.1:65286 - R:localhost/127.0.0.1:65278] 
[WARN] onError
java.net.SocketException: Connection reset
	at java.base/sun.nio.ch.SocketChannelImpl.throwConnectionReset(SocketChannelImpl.java:394) ~[na:na]
	at java.base/sun.nio.ch.SocketChannelImpl.read(SocketChannelImpl.java:426) ~[na:na]
	at io.netty.buffer.PooledByteBuf.setBytes(PooledByteBuf.java:258) ~[netty-buffer-4.1.77.Final.jar:4.1.77.Final]
	at io.netty.buffer.AbstractByteBuf.writeBytes(AbstractByteBuf.java:1132) ~[netty-buffer-4.1.77.Final.jar:4.1.77.Final]
	at io.netty.channel.socket.nio.NioSocketChannel.doReadBytes(NioSocketChannel.java:357) ~[netty-transport-4.1.77.Final.jar:4.1.77.Final]
	at io.netty.channel.nio.AbstractNioByteChannel$NioByteUnsafe.read(AbstractNioByteChannel.java:151) ~[netty-transport-4.1.77.Final.jar:4.1.77.Final]
	at io.netty.channel.nio.NioEventLoop.processSelectedKey(NioEventLoop.java:722) ~[netty-transport-4.1.77.Final.jar:4.1.77.Final]
	at io.netty.channel.nio.NioEventLoop.processSelectedKeysOptimized(NioEventLoop.java:658) ~[netty-transport-4.1.77.Final.jar:4.1.77.Final]
	at io.netty.channel.nio.NioEventLoop.processSelectedKeys(NioEventLoop.java:584) ~[netty-transport-4.1.77.Final.jar:4.1.77.Final]
	at io.netty.channel.nio.NioEventLoop.run(NioEventLoop.java:496) ~[netty-transport-4.1.77.Final.jar:4.1.77.Final]
	at io.netty.util.concurrent.SingleThreadEventExecutor$4.run(SingleThreadEventExecutor.java:995) ~[netty-common-4.1.77.Final.jar:4.1.77.Final]
	at io.netty.util.internal.ThreadExecutorMap$2.run(ThreadExecutorMap.java:74) ~[netty-common-4.1.77.Final.jar:4.1.77.Final]
	at io.netty.util.concurrent.FastThreadLocalRunnable.run(FastThreadLocalRunnable.java:30) ~[netty-common-4.1.77.Final.jar:4.1.77.Final]
	at java.base/java.lang.Thread.run(Thread.java:833) ~[na:na]
[DEBUG] Channel Closed: [id: 0x3bb921eb, L:/127.0.0.1:65285 ! R:localhost/127.0.0.1:65278] with attribute DISCARD
[DEBUG] Closing Channel [id: 0xa89b016f, L:/127.0.0.1:65286 ! R:localhost/127.0.0.1:65278] 
[DEBUG] Channel Closed: [id: 0xa89b016f, L:/127.0.0.1:65286 ! R:localhost/127.0.0.1:65278] with attribute DISCARD
[DEBUG] 

Request DefaultFullHttpRequest(decodeResult: success, version: HTTP/1.1, content: EmptyByteBufBE)
DELETE /session/b1c20496f146da6ff0e5ffc0281cca96/window HTTP/1.1
User-Agent: selenium/4.2.1 (java windows)
Content-Type: application/json; charset=utf-8
host: localhost:53099
accept: */*

Response DefaultHttpResponse(decodeResult: success, version: HTTP/1.1)
HTTP/1.1 200 OK
Content-Type: application/json; charset=utf-8
cache-control: no-cache
content-length: 12

[DEBUG] Adding key: http://localhost:53099 for channel [id: 0xd90b18ba, L:/127.0.0.1:65277 - R:localhost/127.0.0.1:53099]
]]></system-out>
    <system-err><![CDATA[Starting ChromeDriver 111.0.5563.64 (c710e93d5b63b7095afe8c2c17df34408078439d-refs/branch-heads/5563@{#995}) on port 53099
Only local connections are allowed.
Please see https://chromedriver.chromium.org/security-considerations for suggestions on keeping ChromeDriver safe.
ChromeDriver was started successfully.
Apr 01, 2023 11:40:57 PM org.openqa.selenium.remote.ProtocolHandshake createSession
INFO: Detected upstream dialect: W3C
Apr 01, 2023 11:40:57 PM org.openqa.selenium.devtools.CdpVersionFinder findNearestMatch
WARNING: Unable to find an exact match for CDP version 111, so returning the closest version found: a no-op implementation
Apr 01, 2023 11:40:57 PM org.openqa.selenium.devtools.CdpVersionFinder findNearestMatch
INFO: Unable to find CDP implementation matching 111.
Apr 01, 2023 11:40:57 PM org.openqa.selenium.chromium.ChromiumDriver lambda$new$3
WARNING: Unable to find version of CDP to use for . You may need to include a dependency on a specific version of the CDP using something similar to `org.seleniumhq.selenium:selenium-devtools-v86:4.2.1` where the version ("v86") matches the version of the chromium-based browser you're using and the version number of the artifact is the same as Selenium's.
Apr 01, 2023 11:41:00 PM org.openqa.selenium.remote.http.WebSocket$Listener onError
WARNING: Connection reset
java.net.SocketException: Connection reset
	at java.base/sun.nio.ch.SocketChannelImpl.throwConnectionReset(SocketChannelImpl.java:394)
	at java.base/sun.nio.ch.SocketChannelImpl.read(SocketChannelImpl.java:426)
	at io.netty.buffer.PooledByteBuf.setBytes(PooledByteBuf.java:258)
	at io.netty.buffer.AbstractByteBuf.writeBytes(AbstractByteBuf.java:1132)
	at io.netty.channel.socket.nio.NioSocketChannel.doReadBytes(NioSocketChannel.java:357)
	at io.netty.channel.nio.AbstractNioByteChannel$NioByteUnsafe.read(AbstractNioByteChannel.java:151)
	at io.netty.channel.nio.NioEventLoop.processSelectedKey(NioEventLoop.java:722)
	at io.netty.channel.nio.NioEventLoop.processSelectedKeysOptimized(NioEventLoop.java:658)
	at io.netty.channel.nio.NioEventLoop.processSelectedKeys(NioEventLoop.java:584)
	at io.netty.channel.nio.NioEventLoop.run(NioEventLoop.java:496)
	at io.netty.util.concurrent.SingleThreadEventExecutor$4.run(SingleThreadEventExecutor.java:995)
	at io.netty.util.internal.ThreadExecutorMap$2.run(ThreadExecutorMap.java:74)
	at io.netty.util.concurrent.FastThreadLocalRunnable.run(FastThreadLocalRunnable.java:30)
	at java.base/java.lang.Thread.run(Thread.java:833)

]]></system-err>
  </testcase>
  <testcase name="runScenario[&quot;Verify search functionality with valid product&quot;, &quot;Search&quot;](2)" classname="CucumberRunner.TestRunner" time="13.25">
    <failure message="no such element: Unable to locate element: {&quot;method&quot;:&quot;xpath&quot;,&quot;selector&quot;:&quot;//button[@class=&apos;btn btn-default btn-lg1&apos;]&quot;}&#10;  (Session info: chrome=111.0.5563.147)&#10;For documentation on this error, please visit: https://selenium.dev/exceptions/#no_such_element&#10;Build info: version: &apos;4.2.1&apos;, revision: &apos;ac4d0fdd4a&apos;&#10;System info: host: &apos;LAPTOP-JUND32GT&apos;, ip: &apos;192.168.18.189&apos;, os.name: &apos;Windows 11&apos;, os.arch: &apos;amd64&apos;, os.version: &apos;10.0&apos;, java.version: &apos;18.0.2.1&apos;&#10;Driver info: org.openqa.selenium.chrome.ChromeDriver&#10;Command: [d31aa92253e53f076be4041cba2b432f, findElement {using=xpath, value=//button[@class=&apos;btn btn-default btn-lg1&apos;]}]&#10;Capabilities {acceptInsecureCerts: false, browserName: chrome, browserVersion: 111.0.5563.147, chrome: {chromedriverVersion: 111.0.5563.64 (c710e93d5b63..., userDataDir: C:\Users\SRITAM~1\AppData\L...}, goog:chromeOptions: {debuggerAddress: localhost:65303}, networkConnectionEnabled: false, pageLoadStrategy: normal, platformName: WINDOWS, proxy: Proxy(), se:cdp: ws://localhost:65303/devtoo..., se:cdpVersion: 111.0.5563.147, setWindowRect: true, strictFileInteractability: false, timeouts: {implicit: 0, pageLoad: 300000, script: 30000}, unhandledPromptBehavior: dismiss and notify, webauthn:extension:credBlob: true, webauthn:extension:largeBlob: true, webauthn:extension:minPinLength: true, webauthn:extension:prf: true, webauthn:virtualAuthenticators: true}&#10;Session ID: d31aa92253e53f076be4041cba2b432f" type="org.openqa.selenium.NoSuchElementException"><![CDATA[org.openqa.selenium.NoSuchElementException: 
no such element: Unable to locate element: {"method":"xpath","selector":"//button[@class='btn btn-default btn-lg1']"}
  (Session info: chrome=111.0.5563.147)
For documentation on this error, please visit: https://selenium.dev/exceptions/#no_such_element
Build info: version: '4.2.1', revision: 'ac4d0fdd4a'
System info: host: 'LAPTOP-JUND32GT', ip: '192.168.18.189', os.name: 'Windows 11', os.arch: 'amd64', os.version: '10.0', java.version: '18.0.2.1'
Driver info: org.openqa.selenium.chrome.ChromeDriver
Command: [d31aa92253e53f076be4041cba2b432f, findElement {using=xpath, value=//button[@class='btn btn-default btn-lg1']}]
Capabilities {acceptInsecureCerts: false, browserName: chrome, browserVersion: 111.0.5563.147, chrome: {chromedriverVersion: 111.0.5563.64 (c710e93d5b63..., userDataDir: C:\Users\SRITAM~1\AppData\L...}, goog:chromeOptions: {debuggerAddress: localhost:65303}, networkConnectionEnabled: false, pageLoadStrategy: normal, platformName: WINDOWS, proxy: Proxy(), se:cdp: ws://localhost:65303/devtoo..., se:cdpVersion: 111.0.5563.147, setWindowRect: true, strictFileInteractability: false, timeouts: {implicit: 0, pageLoad: 300000, script: 30000}, unhandledPromptBehavior: dismiss and notify, webauthn:extension:credBlob: true, webauthn:extension:largeBlob: true, webauthn:extension:minPinLength: true, webauthn:extension:prf: true, webauthn:virtualAuthenticators: true}
Session ID: d31aa92253e53f076be4041cba2b432f
	at java.base/jdk.internal.reflect.DirectConstructorHandleAccessor.newInstance(DirectConstructorHandleAccessor.java:67)
	at java.base/java.lang.reflect.Constructor.newInstanceWithCaller(Constructor.java:499)
	at java.base/java.lang.reflect.Constructor.newInstance(Constructor.java:483)
	at org.openqa.selenium.remote.codec.w3c.W3CHttpResponseCodec.createException(W3CHttpResponseCodec.java:200)
	at org.openqa.selenium.remote.codec.w3c.W3CHttpResponseCodec.decode(W3CHttpResponseCodec.java:133)
	at org.openqa.selenium.remote.codec.w3c.W3CHttpResponseCodec.decode(W3CHttpResponseCodec.java:53)
	at org.openqa.selenium.remote.HttpCommandExecutor.execute(HttpCommandExecutor.java:184)
	at org.openqa.selenium.remote.service.DriverCommandExecutor.invokeExecute(DriverCommandExecutor.java:167)
	at org.openqa.selenium.remote.service.DriverCommandExecutor.execute(DriverCommandExecutor.java:142)
	at org.openqa.selenium.remote.RemoteWebDriver.execute(RemoteWebDriver.java:551)
	at org.openqa.selenium.remote.ElementLocation$ElementFinder$2.findElement(ElementLocation.java:162)
	at org.openqa.selenium.remote.ElementLocation.findElement(ElementLocation.java:60)
	at org.openqa.selenium.remote.RemoteWebDriver.findElement(RemoteWebDriver.java:369)
	at org.openqa.selenium.remote.RemoteWebDriver.findElement(RemoteWebDriver.java:361)
	at org.openqa.selenium.support.pagefactory.DefaultElementLocator.findElement(DefaultElementLocator.java:70)
	at org.openqa.selenium.support.pagefactory.internal.LocatingElementHandler.invoke(LocatingElementHandler.java:39)
	at jdk.proxy2/jdk.proxy2.$Proxy27.click(Unknown Source)
	at PageObject.HomePage.clickOnsearchBtn(HomePage.java:30)
	at StepDefinitions.SearchStepDef.clicks_on_search_button(SearchStepDef.java:18)
	at ✽.Clicks on search button(file:///C:/Users/SRITAMLINKAN/eclipse-workspace/cucumberproject/./Features/search.feature:12)
]]></failure>
    <system-out><![CDATA[[DEBUG] Resolution chrome=111 in cache (valid until 00:40:55 02/04/2023 IST)
[DEBUG] Resolution chrome111=111.0.5563.64 in cache (valid until 23:40:55 02/04/2023 IST)
[INFO] Using chromedriver 111.0.5563.64 (resolved driver for Chrome 111)
[DEBUG] Driver chromedriver 111.0.5563.64 found in cache
[INFO] Exporting webdriver.chrome.driver as C:\Users\SRITAMLINKAN\.cache\selenium\chromedriver\win32\111.0.5563.64\chromedriver.exe
[DEBUG] Using new Channel '[id: 0x4816138b, L:/127.0.0.1:65302 - R:localhost/127.0.0.1:51265]' for 'POST' to '/session'
[DEBUG] Entry count for : http://localhost:53099 : 1
[DEBUG] Entry count for : http://localhost:65278 : 1
[DEBUG] Adding Candidate expired Channel [id: 0x3bb921eb, L:/127.0.0.1:65285 ! R:localhost/127.0.0.1:65278] isIdleTimeoutExpired=false isRemotelyClosed=true isTtlExpired=false
[DEBUG] Closing Idle Channel [id: 0x3bb921eb, L:/127.0.0.1:65285 ! R:localhost/127.0.0.1:65278]
[DEBUG] Closed 1 connections out of 2 in 1 ms
[DEBUG] 

Request DefaultHttpRequest(decodeResult: success, version: HTTP/1.1)
POST /session HTTP/1.1
User-Agent: selenium/4.2.1 (java windows)
Content-Length: 439
Content-Type: application/json; charset=utf-8
host: localhost:51265
accept: */*

Response DefaultHttpResponse(decodeResult: success, version: HTTP/1.1)
HTTP/1.1 200 OK
Content-Type: application/json; charset=utf-8
cache-control: no-cache
content-length: 861

[DEBUG] Adding key: http://localhost:51265 for channel [id: 0x4816138b, L:/127.0.0.1:65302 - R:localhost/127.0.0.1:51265]
[DEBUG] Using new Channel '[id: 0x7f8d9658, L:/127.0.0.1:65309 - R:localhost/127.0.0.1:65303]' for 'GET' to '/json/version'
[DEBUG] 

Request DefaultFullHttpRequest(decodeResult: success, version: HTTP/1.1, content: EmptyByteBufBE)
GET /json/version HTTP/1.1
User-Agent: selenium/4.2.1 (java windows)
host: localhost:65303
accept: */*

Response DefaultHttpResponse(decodeResult: success, version: HTTP/1.1)
HTTP/1.1 200 OK
Content-Security-Policy: frame-ancestors 'none'
Content-Type: application/json; charset=UTF-8
content-length: 423

[DEBUG] Adding key: http://localhost:65303 for channel [id: 0x7f8d9658, L:/127.0.0.1:65309 - R:localhost/127.0.0.1:65303]
[DEBUG] Using new Channel '[id: 0xf936efc0, L:/127.0.0.1:65310 - R:localhost/127.0.0.1:65303]' for 'GET' to '/devtools/browser/769e77cd-bfbf-407e-909b-175ff8d7f619'
[DEBUG] 

Request DefaultFullHttpRequest(decodeResult: success, version: HTTP/1.1, content: EmptyByteBufBE)
GET /devtools/browser/769e77cd-bfbf-407e-909b-175ff8d7f619 HTTP/1.1
upgrade: websocket
connection: upgrade
sec-websocket-key: XMv1lc0kIJqC1x/7oPiT/Q==
sec-websocket-version: 13
origin: http://localhost:65303
host: localhost:65303
accept: */*
user-agent: AHC/2.1

Response DefaultHttpResponse(decodeResult: success, version: HTTP/1.1)
HTTP/1.1 101 WebSocket Protocol Handshake
Upgrade: WebSocket
Connection: Upgrade
Sec-WebSocket-Accept: E/aeMK13Z7LVo45JNRLJScAMD7c=

[DEBUG] Using pooled Channel '[id: 0x4816138b, L:/127.0.0.1:65302 - R:localhost/127.0.0.1:51265]' for 'POST' to 'http://localhost:51265/session/d31aa92253e53f076be4041cba2b432f/window/maximize'
[DEBUG] Using open Channel [id: 0x4816138b, L:/127.0.0.1:65302 - R:localhost/127.0.0.1:51265] for POST '/session/d31aa92253e53f076be4041cba2b432f/window/maximize'
[DEBUG] 

Request DefaultHttpRequest(decodeResult: success, version: HTTP/1.1)
POST /session/d31aa92253e53f076be4041cba2b432f/window/maximize HTTP/1.1
User-Agent: selenium/4.2.1 (java windows)
Content-Length: 3
Content-Type: application/json; charset=utf-8
host: localhost:51265
accept: */*

Response DefaultHttpResponse(decodeResult: success, version: HTTP/1.1)
HTTP/1.1 200 OK
Content-Type: application/json; charset=utf-8
cache-control: no-cache
content-length: 51

[DEBUG] Adding key: http://localhost:51265 for channel [id: 0x4816138b, L:/127.0.0.1:65302 - R:localhost/127.0.0.1:51265]
[DEBUG] Using pooled Channel '[id: 0x4816138b, L:/127.0.0.1:65302 - R:localhost/127.0.0.1:51265]' for 'POST' to 'http://localhost:51265/session/d31aa92253e53f076be4041cba2b432f/timeouts'
[DEBUG] Using open Channel [id: 0x4816138b, L:/127.0.0.1:65302 - R:localhost/127.0.0.1:51265] for POST '/session/d31aa92253e53f076be4041cba2b432f/timeouts'
[DEBUG] 

Request DefaultHttpRequest(decodeResult: success, version: HTTP/1.1)
POST /session/d31aa92253e53f076be4041cba2b432f/timeouts HTTP/1.1
User-Agent: selenium/4.2.1 (java windows)
Content-Length: 23
Content-Type: application/json; charset=utf-8
host: localhost:51265
accept: */*

Response DefaultHttpResponse(decodeResult: success, version: HTTP/1.1)
HTTP/1.1 200 OK
Content-Type: application/json; charset=utf-8
cache-control: no-cache
content-length: 14

[DEBUG] Adding key: http://localhost:51265 for channel [id: 0x4816138b, L:/127.0.0.1:65302 - R:localhost/127.0.0.1:51265]
[DEBUG] Using pooled Channel '[id: 0x4816138b, L:/127.0.0.1:65302 - R:localhost/127.0.0.1:51265]' for 'POST' to 'http://localhost:51265/session/d31aa92253e53f076be4041cba2b432f/url'
[DEBUG] Using open Channel [id: 0x4816138b, L:/127.0.0.1:65302 - R:localhost/127.0.0.1:51265] for POST '/session/d31aa92253e53f076be4041cba2b432f/url'
[DEBUG] Entry count for : http://localhost:53099 : 1
[DEBUG] Entry count for : http://localhost:65303 : 1
[DEBUG] 

Request DefaultHttpRequest(decodeResult: success, version: HTTP/1.1)
POST /session/d31aa92253e53f076be4041cba2b432f/url HTTP/1.1
User-Agent: selenium/4.2.1 (java windows)
Content-Length: 100
Content-Type: application/json; charset=utf-8
host: localhost:51265
accept: */*

Response DefaultHttpResponse(decodeResult: success, version: HTTP/1.1)
HTTP/1.1 200 OK
Content-Type: application/json; charset=utf-8
cache-control: no-cache
content-length: 14

[DEBUG] Adding key: http://localhost:51265 for channel [id: 0x4816138b, L:/127.0.0.1:65302 - R:localhost/127.0.0.1:51265]
[DEBUG] Using pooled Channel '[id: 0x4816138b, L:/127.0.0.1:65302 - R:localhost/127.0.0.1:51265]' for 'POST' to 'http://localhost:51265/session/d31aa92253e53f076be4041cba2b432f/element'
[DEBUG] Using open Channel [id: 0x4816138b, L:/127.0.0.1:65302 - R:localhost/127.0.0.1:51265] for POST '/session/d31aa92253e53f076be4041cba2b432f/element'
[DEBUG] 

Request DefaultHttpRequest(decodeResult: success, version: HTTP/1.1)
POST /session/d31aa92253e53f076be4041cba2b432f/element HTTP/1.1
User-Agent: selenium/4.2.1 (java windows)
Content-Length: 58
Content-Type: application/json; charset=utf-8
host: localhost:51265
accept: */*

Response DefaultHttpResponse(decodeResult: success, version: HTTP/1.1)
HTTP/1.1 200 OK
Content-Type: application/json; charset=utf-8
cache-control: no-cache
content-length: 88

[DEBUG] Adding key: http://localhost:51265 for channel [id: 0x4816138b, L:/127.0.0.1:65302 - R:localhost/127.0.0.1:51265]
[DEBUG] Using pooled Channel '[id: 0x4816138b, L:/127.0.0.1:65302 - R:localhost/127.0.0.1:51265]' for 'POST' to 'http://localhost:51265/session/d31aa92253e53f076be4041cba2b432f/element/be4ff300-e416-4eb0-acb3-a8635dd9e39c/clear'
[DEBUG] Using open Channel [id: 0x4816138b, L:/127.0.0.1:65302 - R:localhost/127.0.0.1:51265] for POST '/session/d31aa92253e53f076be4041cba2b432f/element/be4ff300-e416-4eb0-acb3-a8635dd9e39c/clear'
[DEBUG] 

Request DefaultHttpRequest(decodeResult: success, version: HTTP/1.1)
POST /session/d31aa92253e53f076be4041cba2b432f/element/be4ff300-e416-4eb0-acb3-a8635dd9e39c/clear HTTP/1.1
User-Agent: selenium/4.2.1 (java windows)
Content-Length: 50
Content-Type: application/json; charset=utf-8
host: localhost:51265
accept: */*

Response DefaultHttpResponse(decodeResult: success, version: HTTP/1.1)
HTTP/1.1 200 OK
Content-Type: application/json; charset=utf-8
cache-control: no-cache
content-length: 14

[DEBUG] Adding key: http://localhost:51265 for channel [id: 0x4816138b, L:/127.0.0.1:65302 - R:localhost/127.0.0.1:51265]
[DEBUG] Using pooled Channel '[id: 0x4816138b, L:/127.0.0.1:65302 - R:localhost/127.0.0.1:51265]' for 'POST' to 'http://localhost:51265/session/d31aa92253e53f076be4041cba2b432f/element'
[DEBUG] Using open Channel [id: 0x4816138b, L:/127.0.0.1:65302 - R:localhost/127.0.0.1:51265] for POST '/session/d31aa92253e53f076be4041cba2b432f/element'
[DEBUG] 

Request DefaultHttpRequest(decodeResult: success, version: HTTP/1.1)
POST /session/d31aa92253e53f076be4041cba2b432f/element HTTP/1.1
User-Agent: selenium/4.2.1 (java windows)
Content-Length: 58
Content-Type: application/json; charset=utf-8
host: localhost:51265
accept: */*

Response DefaultHttpResponse(decodeResult: success, version: HTTP/1.1)
HTTP/1.1 200 OK
Content-Type: application/json; charset=utf-8
cache-control: no-cache
content-length: 88

[DEBUG] Adding key: http://localhost:51265 for channel [id: 0x4816138b, L:/127.0.0.1:65302 - R:localhost/127.0.0.1:51265]
[DEBUG] Using pooled Channel '[id: 0x4816138b, L:/127.0.0.1:65302 - R:localhost/127.0.0.1:51265]' for 'POST' to 'http://localhost:51265/session/d31aa92253e53f076be4041cba2b432f/element/be4ff300-e416-4eb0-acb3-a8635dd9e39c/value'
[DEBUG] Using open Channel [id: 0x4816138b, L:/127.0.0.1:65302 - R:localhost/127.0.0.1:51265] for POST '/session/d31aa92253e53f076be4041cba2b432f/element/be4ff300-e416-4eb0-acb3-a8635dd9e39c/value'
[DEBUG] 

Request DefaultHttpRequest(decodeResult: success, version: HTTP/1.1)
POST /session/d31aa92253e53f076be4041cba2b432f/element/be4ff300-e416-4eb0-acb3-a8635dd9e39c/value HTTP/1.1
User-Agent: selenium/4.2.1 (java windows)
Content-Length: 241
Content-Type: application/json; charset=utf-8
host: localhost:51265
accept: */*

Response DefaultHttpResponse(decodeResult: success, version: HTTP/1.1)
HTTP/1.1 200 OK
Content-Type: application/json; charset=utf-8
cache-control: no-cache
content-length: 14

[DEBUG] Adding key: http://localhost:51265 for channel [id: 0x4816138b, L:/127.0.0.1:65302 - R:localhost/127.0.0.1:51265]
[DEBUG] Using pooled Channel '[id: 0x4816138b, L:/127.0.0.1:65302 - R:localhost/127.0.0.1:51265]' for 'POST' to 'http://localhost:51265/session/d31aa92253e53f076be4041cba2b432f/element'
[DEBUG] Using open Channel [id: 0x4816138b, L:/127.0.0.1:65302 - R:localhost/127.0.0.1:51265] for POST '/session/d31aa92253e53f076be4041cba2b432f/element'
[DEBUG] 

Request DefaultHttpRequest(decodeResult: success, version: HTTP/1.1)
POST /session/d31aa92253e53f076be4041cba2b432f/element HTTP/1.1
User-Agent: selenium/4.2.1 (java windows)
Content-Length: 61
Content-Type: application/json; charset=utf-8
host: localhost:51265
accept: */*

Response DefaultHttpResponse(decodeResult: success, version: HTTP/1.1)
HTTP/1.1 200 OK
Content-Type: application/json; charset=utf-8
cache-control: no-cache
content-length: 88

[DEBUG] Adding key: http://localhost:51265 for channel [id: 0x4816138b, L:/127.0.0.1:65302 - R:localhost/127.0.0.1:51265]
[DEBUG] Using pooled Channel '[id: 0x4816138b, L:/127.0.0.1:65302 - R:localhost/127.0.0.1:51265]' for 'POST' to 'http://localhost:51265/session/d31aa92253e53f076be4041cba2b432f/element/0f6b9f6e-e1e6-4929-bfa5-5cc6308938cd/clear'
[DEBUG] Using open Channel [id: 0x4816138b, L:/127.0.0.1:65302 - R:localhost/127.0.0.1:51265] for POST '/session/d31aa92253e53f076be4041cba2b432f/element/0f6b9f6e-e1e6-4929-bfa5-5cc6308938cd/clear'
[DEBUG] 

Request DefaultHttpRequest(decodeResult: success, version: HTTP/1.1)
POST /session/d31aa92253e53f076be4041cba2b432f/element/0f6b9f6e-e1e6-4929-bfa5-5cc6308938cd/clear HTTP/1.1
User-Agent: selenium/4.2.1 (java windows)
Content-Length: 50
Content-Type: application/json; charset=utf-8
host: localhost:51265
accept: */*

Response DefaultHttpResponse(decodeResult: success, version: HTTP/1.1)
HTTP/1.1 200 OK
Content-Type: application/json; charset=utf-8
cache-control: no-cache
content-length: 14

[DEBUG] Adding key: http://localhost:51265 for channel [id: 0x4816138b, L:/127.0.0.1:65302 - R:localhost/127.0.0.1:51265]
[DEBUG] Using pooled Channel '[id: 0x4816138b, L:/127.0.0.1:65302 - R:localhost/127.0.0.1:51265]' for 'POST' to 'http://localhost:51265/session/d31aa92253e53f076be4041cba2b432f/element'
[DEBUG] Using open Channel [id: 0x4816138b, L:/127.0.0.1:65302 - R:localhost/127.0.0.1:51265] for POST '/session/d31aa92253e53f076be4041cba2b432f/element'
[DEBUG] 

Request DefaultHttpRequest(decodeResult: success, version: HTTP/1.1)
POST /session/d31aa92253e53f076be4041cba2b432f/element HTTP/1.1
User-Agent: selenium/4.2.1 (java windows)
Content-Length: 61
Content-Type: application/json; charset=utf-8
host: localhost:51265
accept: */*

Response DefaultHttpResponse(decodeResult: success, version: HTTP/1.1)
HTTP/1.1 200 OK
Content-Type: application/json; charset=utf-8
cache-control: no-cache
content-length: 88

[DEBUG] Adding key: http://localhost:51265 for channel [id: 0x4816138b, L:/127.0.0.1:65302 - R:localhost/127.0.0.1:51265]
[DEBUG] Using pooled Channel '[id: 0x4816138b, L:/127.0.0.1:65302 - R:localhost/127.0.0.1:51265]' for 'POST' to 'http://localhost:51265/session/d31aa92253e53f076be4041cba2b432f/element/0f6b9f6e-e1e6-4929-bfa5-5cc6308938cd/value'
[DEBUG] Using open Channel [id: 0x4816138b, L:/127.0.0.1:65302 - R:localhost/127.0.0.1:51265] for POST '/session/d31aa92253e53f076be4041cba2b432f/element/0f6b9f6e-e1e6-4929-bfa5-5cc6308938cd/value'
[DEBUG] 

Request DefaultHttpRequest(decodeResult: success, version: HTTP/1.1)
POST /session/d31aa92253e53f076be4041cba2b432f/element/0f6b9f6e-e1e6-4929-bfa5-5cc6308938cd/value HTTP/1.1
User-Agent: selenium/4.2.1 (java windows)
Content-Length: 141
Content-Type: application/json; charset=utf-8
host: localhost:51265
accept: */*

Response DefaultHttpResponse(decodeResult: success, version: HTTP/1.1)
HTTP/1.1 200 OK
Content-Type: application/json; charset=utf-8
cache-control: no-cache
content-length: 14

[DEBUG] Adding key: http://localhost:51265 for channel [id: 0x4816138b, L:/127.0.0.1:65302 - R:localhost/127.0.0.1:51265]
[DEBUG] Using pooled Channel '[id: 0x4816138b, L:/127.0.0.1:65302 - R:localhost/127.0.0.1:51265]' for 'POST' to 'http://localhost:51265/session/d31aa92253e53f076be4041cba2b432f/element'
[DEBUG] Using open Channel [id: 0x4816138b, L:/127.0.0.1:65302 - R:localhost/127.0.0.1:51265] for POST '/session/d31aa92253e53f076be4041cba2b432f/element'
[DEBUG] 

Request DefaultHttpRequest(decodeResult: success, version: HTTP/1.1)
POST /session/d31aa92253e53f076be4041cba2b432f/element HTTP/1.1
User-Agent: selenium/4.2.1 (java windows)
Content-Length: 70
Content-Type: application/json; charset=utf-8
host: localhost:51265
accept: */*

Response DefaultHttpResponse(decodeResult: success, version: HTTP/1.1)
HTTP/1.1 200 OK
Content-Type: application/json; charset=utf-8
cache-control: no-cache
content-length: 88

[DEBUG] Adding key: http://localhost:51265 for channel [id: 0x4816138b, L:/127.0.0.1:65302 - R:localhost/127.0.0.1:51265]
[DEBUG] Using pooled Channel '[id: 0x4816138b, L:/127.0.0.1:65302 - R:localhost/127.0.0.1:51265]' for 'POST' to 'http://localhost:51265/session/d31aa92253e53f076be4041cba2b432f/element/56335752-6d1e-4af8-b4e8-cabeb7a5b047/click'
[DEBUG] Using open Channel [id: 0x4816138b, L:/127.0.0.1:65302 - R:localhost/127.0.0.1:51265] for POST '/session/d31aa92253e53f076be4041cba2b432f/element/56335752-6d1e-4af8-b4e8-cabeb7a5b047/click'
[DEBUG] 

Request DefaultHttpRequest(decodeResult: success, version: HTTP/1.1)
POST /session/d31aa92253e53f076be4041cba2b432f/element/56335752-6d1e-4af8-b4e8-cabeb7a5b047/click HTTP/1.1
User-Agent: selenium/4.2.1 (java windows)
Content-Length: 50
Content-Type: application/json; charset=utf-8
host: localhost:51265
accept: */*

Response DefaultHttpResponse(decodeResult: success, version: HTTP/1.1)
HTTP/1.1 200 OK
Content-Type: application/json; charset=utf-8
cache-control: no-cache
content-length: 14

[DEBUG] Adding key: http://localhost:51265 for channel [id: 0x4816138b, L:/127.0.0.1:65302 - R:localhost/127.0.0.1:51265]
[DEBUG] Using pooled Channel '[id: 0x4816138b, L:/127.0.0.1:65302 - R:localhost/127.0.0.1:51265]' for 'GET' to 'http://localhost:51265/session/d31aa92253e53f076be4041cba2b432f/title'
[DEBUG] Using open Channel [id: 0x4816138b, L:/127.0.0.1:65302 - R:localhost/127.0.0.1:51265] for GET '/session/d31aa92253e53f076be4041cba2b432f/title'
[DEBUG] 

Request DefaultFullHttpRequest(decodeResult: success, version: HTTP/1.1, content: EmptyByteBufBE)
GET /session/d31aa92253e53f076be4041cba2b432f/title HTTP/1.1
User-Agent: selenium/4.2.1 (java windows)
Cache-Control: no-cache
Content-Type: application/json; charset=utf-8
host: localhost:51265
accept: */*

Response DefaultHttpResponse(decodeResult: success, version: HTTP/1.1)
HTTP/1.1 200 OK
Content-Type: application/json; charset=utf-8
cache-control: no-cache
content-length: 22

[DEBUG] Adding key: http://localhost:51265 for channel [id: 0x4816138b, L:/127.0.0.1:65302 - R:localhost/127.0.0.1:51265]
[DEBUG] Using pooled Channel '[id: 0x4816138b, L:/127.0.0.1:65302 - R:localhost/127.0.0.1:51265]' for 'POST' to 'http://localhost:51265/session/d31aa92253e53f076be4041cba2b432f/element'
[DEBUG] Using open Channel [id: 0x4816138b, L:/127.0.0.1:65302 - R:localhost/127.0.0.1:51265] for POST '/session/d31aa92253e53f076be4041cba2b432f/element'
[DEBUG] 

Request DefaultHttpRequest(decodeResult: success, version: HTTP/1.1)
POST /session/d31aa92253e53f076be4041cba2b432f/element HTTP/1.1
User-Agent: selenium/4.2.1 (java windows)
Content-Length: 77
Content-Type: application/json; charset=utf-8
host: localhost:51265
accept: */*

Response DefaultHttpResponse(decodeResult: success, version: HTTP/1.1)
HTTP/1.1 200 OK
Content-Type: application/json; charset=utf-8
cache-control: no-cache
content-length: 88

[DEBUG] Adding key: http://localhost:51265 for channel [id: 0x4816138b, L:/127.0.0.1:65302 - R:localhost/127.0.0.1:51265]
[DEBUG] Using pooled Channel '[id: 0x4816138b, L:/127.0.0.1:65302 - R:localhost/127.0.0.1:51265]' for 'POST' to 'http://localhost:51265/session/d31aa92253e53f076be4041cba2b432f/element/b8628328-12cf-4036-a1db-523c26357cea/value'
[DEBUG] Using open Channel [id: 0x4816138b, L:/127.0.0.1:65302 - R:localhost/127.0.0.1:51265] for POST '/session/d31aa92253e53f076be4041cba2b432f/element/b8628328-12cf-4036-a1db-523c26357cea/value'
[DEBUG] Entry count for : http://localhost:53099 : 1
[DEBUG] Entry count for : http://localhost:65303 : 1
[DEBUG] 

Request DefaultHttpRequest(decodeResult: success, version: HTTP/1.1)
POST /session/d31aa92253e53f076be4041cba2b432f/element/b8628328-12cf-4036-a1db-523c26357cea/value HTTP/1.1
User-Agent: selenium/4.2.1 (java windows)
Content-Length: 141
Content-Type: application/json; charset=utf-8
host: localhost:51265
accept: */*

Response DefaultHttpResponse(decodeResult: success, version: HTTP/1.1)
HTTP/1.1 200 OK
Content-Type: application/json; charset=utf-8
cache-control: no-cache
content-length: 14

[DEBUG] Adding key: http://localhost:51265 for channel [id: 0x4816138b, L:/127.0.0.1:65302 - R:localhost/127.0.0.1:51265]
[DEBUG] Using pooled Channel '[id: 0x4816138b, L:/127.0.0.1:65302 - R:localhost/127.0.0.1:51265]' for 'POST' to 'http://localhost:51265/session/d31aa92253e53f076be4041cba2b432f/element'
[DEBUG] Using open Channel [id: 0x4816138b, L:/127.0.0.1:65302 - R:localhost/127.0.0.1:51265] for POST '/session/d31aa92253e53f076be4041cba2b432f/element'
[DEBUG] Entry count for : http://localhost:53099 : 1
[DEBUG] Entry count for : http://localhost:65303 : 1
[DEBUG] Entry count for : http://localhost:53099 : 1
[DEBUG] Entry count for : http://localhost:65303 : 1
[DEBUG] Entry count for : http://localhost:53099 : 1
[DEBUG] Entry count for : http://localhost:65303 : 1
[DEBUG] Entry count for : http://localhost:53099 : 1
[DEBUG] Entry count for : http://localhost:65303 : 1
[DEBUG] Entry count for : http://localhost:53099 : 1
[DEBUG] Entry count for : http://localhost:65303 : 1
[DEBUG] Entry count for : http://localhost:53099 : 1
[DEBUG] Entry count for : http://localhost:65303 : 1
[DEBUG] Entry count for : http://localhost:53099 : 1
[DEBUG] Entry count for : http://localhost:65303 : 1
[DEBUG] Entry count for : http://localhost:53099 : 1
[DEBUG] Entry count for : http://localhost:65303 : 1
[DEBUG] Entry count for : http://localhost:53099 : 1
[DEBUG] Entry count for : http://localhost:65303 : 1
[DEBUG] 

Request DefaultHttpRequest(decodeResult: success, version: HTTP/1.1)
POST /session/d31aa92253e53f076be4041cba2b432f/element HTTP/1.1
User-Agent: selenium/4.2.1 (java windows)
Content-Length: 89
Content-Type: application/json; charset=utf-8
host: localhost:51265
accept: */*

Response DefaultHttpResponse(decodeResult: success, version: HTTP/1.1)
HTTP/1.1 404 Not Found
Content-Type: application/json; charset=utf-8
cache-control: no-cache
content-length: 958

[DEBUG] Adding key: http://localhost:51265 for channel [id: 0x4816138b, L:/127.0.0.1:65302 - R:localhost/127.0.0.1:51265]
[DEBUG] Using pooled Channel '[id: 0x4816138b, L:/127.0.0.1:65302 - R:localhost/127.0.0.1:51265]' for 'GET' to 'http://localhost:51265/session/d31aa92253e53f076be4041cba2b432f/screenshot'
[DEBUG] Using open Channel [id: 0x4816138b, L:/127.0.0.1:65302 - R:localhost/127.0.0.1:51265] for GET '/session/d31aa92253e53f076be4041cba2b432f/screenshot'
[DEBUG] 

Request DefaultFullHttpRequest(decodeResult: success, version: HTTP/1.1, content: EmptyByteBufBE)
GET /session/d31aa92253e53f076be4041cba2b432f/screenshot HTTP/1.1
User-Agent: selenium/4.2.1 (java windows)
Cache-Control: no-cache
Content-Type: application/json; charset=utf-8
host: localhost:51265
accept: */*

Response DefaultHttpResponse(decodeResult: success, version: HTTP/1.1)
HTTP/1.1 200 OK
Content-Type: application/json; charset=utf-8
cache-control: no-cache
content-length: 152432

[DEBUG] Adding key: http://localhost:51265 for channel [id: 0x4816138b, L:/127.0.0.1:65302 - R:localhost/127.0.0.1:51265]
]]></system-out>
    <system-err><![CDATA[Starting ChromeDriver 111.0.5563.64 (c710e93d5b63b7095afe8c2c17df34408078439d-refs/branch-heads/5563@{#995}) on port 51265
Only local connections are allowed.
Please see https://chromedriver.chromium.org/security-considerations for suggestions on keeping ChromeDriver safe.
ChromeDriver was started successfully.
Apr 01, 2023 11:41:01 PM org.openqa.selenium.remote.ProtocolHandshake createSession
INFO: Detected upstream dialect: W3C
Apr 01, 2023 11:41:01 PM org.openqa.selenium.devtools.CdpVersionFinder findNearestMatch
WARNING: Unable to find an exact match for CDP version 111, so returning the closest version found: a no-op implementation
Apr 01, 2023 11:41:01 PM org.openqa.selenium.devtools.CdpVersionFinder findNearestMatch
INFO: Unable to find CDP implementation matching 111.
Apr 01, 2023 11:41:01 PM org.openqa.selenium.chromium.ChromiumDriver lambda$new$3
WARNING: Unable to find version of CDP to use for . You may need to include a dependency on a specific version of the CDP using something similar to `org.seleniumhq.selenium:selenium-devtools-v86:4.2.1` where the version ("v86") matches the version of the chromium-based browser you're using and the version number of the artifact is the same as Selenium's.
]]></system-err>
  </testcase>
</testsuite>